running egg_info
writing ../../build/py_samples/py_samples.egg-info/PKG-INFO
writing dependency_links to ../../build/py_samples/py_samples.egg-info/dependency_links.txt
writing entry points to ../../build/py_samples/py_samples.egg-info/entry_points.txt
writing requirements to ../../build/py_samples/py_samples.egg-info/requires.txt
writing top-level names to ../../build/py_samples/py_samples.egg-info/top_level.txt
reading manifest file '../../build/py_samples/py_samples.egg-info/SOURCES.txt'
writing manifest file '../../build/py_samples/py_samples.egg-info/SOURCES.txt'
running build
running build_py
copying py_samples/simple_subscriber.py -> /ROS2_Manipulator/ubot_ws/build/py_samples/build/lib/py_samples
running install
running install_lib
copying /ROS2_Manipulator/ubot_ws/build/py_samples/build/lib/py_samples/simple_subscriber.py -> /ROS2_Manipulator/ubot_ws/install/py_samples/lib/python3.12/site-packages/py_samples
byte-compiling /ROS2_Manipulator/ubot_ws/install/py_samples/lib/python3.12/site-packages/py_samples/simple_subscriber.py to simple_subscriber.cpython-312.pyc
running install_data
running install_egg_info
removing '/ROS2_Manipulator/ubot_ws/install/py_samples/lib/python3.12/site-packages/py_samples-0.0.0-py3.12.egg-info' (and everything under it)
Copying ../../build/py_samples/py_samples.egg-info to /ROS2_Manipulator/ubot_ws/install/py_samples/lib/python3.12/site-packages/py_samples-0.0.0-py3.12.egg-info
running install_scripts
Installing simple_pub script to /ROS2_Manipulator/ubot_ws/install/py_samples/lib/py_samples
writing list of installed files to '/ROS2_Manipulator/ubot_ws/build/py_samples/install.log'
