[1.830s] Invoking command in '/ROS2_Manipulator/ubot_ws/src/py_samples': PYTHONPATH=/ROS2_Manipulator/ubot_ws/build/py_samples/prefix_override:/usr/lib/python3/dist-packages/colcon_core/task/python/colcon_distutils_commands:/ROS2_Manipulator/ubot_ws/install/py_samples/lib/python3.12/site-packages:${PYTHONPATH} /usr/bin/python3 -W ignore:setup.py install is deprecated setup.py egg_info --egg-base ../../build/py_samples build --build-base /ROS2_Manipulator/ubot_ws/build/py_samples/build install --record /ROS2_Manipulator/ubot_ws/build/py_samples/install.log --single-version-externally-managed install_data
[2.415s] running egg_info
[2.443s] writing ../../build/py_samples/py_samples.egg-info/PKG-INFO
[2.447s] writing dependency_links to ../../build/py_samples/py_samples.egg-info/dependency_links.txt
[2.450s] writing entry points to ../../build/py_samples/py_samples.egg-info/entry_points.txt
[2.454s] writing requirements to ../../build/py_samples/py_samples.egg-info/requires.txt
[2.457s] writing top-level names to ../../build/py_samples/py_samples.egg-info/top_level.txt
[2.539s] reading manifest file '../../build/py_samples/py_samples.egg-info/SOURCES.txt'
[2.596s] writing manifest file '../../build/py_samples/py_samples.egg-info/SOURCES.txt'
[2.598s] running build
[2.601s] running build_py
[2.617s] copying py_samples/simple_subscriber.py -> /ROS2_Manipulator/ubot_ws/build/py_samples/build/lib/py_samples
[2.639s] running install
[2.647s] running install_lib
[2.716s] copying /ROS2_Manipulator/ubot_ws/build/py_samples/build/lib/py_samples/simple_subscriber.py -> /ROS2_Manipulator/ubot_ws/install/py_samples/lib/python3.12/site-packages/py_samples
[2.771s] byte-compiling /ROS2_Manipulator/ubot_ws/install/py_samples/lib/python3.12/site-packages/py_samples/simple_subscriber.py to simple_subscriber.cpython-312.pyc
[2.807s] running install_data
[2.829s] running install_egg_info
[2.863s] removing '/ROS2_Manipulator/ubot_ws/install/py_samples/lib/python3.12/site-packages/py_samples-0.0.0-py3.12.egg-info' (and everything under it)
[2.906s] Copying ../../build/py_samples/py_samples.egg-info to /ROS2_Manipulator/ubot_ws/install/py_samples/lib/python3.12/site-packages/py_samples-0.0.0-py3.12.egg-info
[3.075s] running install_scripts
[3.305s] Installing simple_pub script to /ROS2_Manipulator/ubot_ws/install/py_samples/lib/py_samples
[3.315s] writing list of installed files to '/ROS2_Manipulator/ubot_ws/build/py_samples/install.log'
[3.344s] Invoked command in '/ROS2_Manipulator/ubot_ws/src/py_samples' returned '0': PYTHONPATH=/ROS2_Manipulator/ubot_ws/build/py_samples/prefix_override:/usr/lib/python3/dist-packages/colcon_core/task/python/colcon_distutils_commands:/ROS2_Manipulator/ubot_ws/install/py_samples/lib/python3.12/site-packages:${PYTHONPATH} /usr/bin/python3 -W ignore:setup.py install is deprecated setup.py egg_info --egg-base ../../build/py_samples build --build-base /ROS2_Manipulator/ubot_ws/build/py_samples/build install --record /ROS2_Manipulator/ubot_ws/build/py_samples/install.log --single-version-externally-managed install_data
