[0.291s] DEBUG:colcon:Command line arguments: ['/usr/bin/colcon', 'build']
[0.291s] DEBUG:colcon:Parsed command line arguments: Namespace(log_base=None, log_level=None, verb_name='build', build_base='build', install_base='install', merge_install=False, symlink_install=False, test_result_base=None, continue_on_error=False, executor='parallel', parallel_workers=24, event_handlers=None, ignore_user_meta=False, metas=['./colcon.meta'], base_paths=['.'], packages_ignore=None, packages_ignore_regex=None, paths=None, packages_up_to=None, packages_up_to_regex=None, packages_above=None, packages_above_and_dependencies=None, packages_above_depth=None, packages_select_by_dep=None, packages_skip_by_dep=None, packages_skip_up_to=None, packages_select_build_failed=False, packages_skip_build_finished=False, packages_select_test_failures=False, packages_skip_test_passed=False, packages_select=None, packages_skip=None, packages_select_regex=None, packages_skip_regex=None, packages_start=None, packages_end=None, cmake_args=None, cmake_target=None, cmake_target_skip_unavailable=False, cmake_clean_cache=False, cmake_clean_first=False, cmake_force_configure=False, ament_cmake_args=None, catkin_cmake_args=None, catkin_skip_building_tests=False, mixin_files=None, mixin=None, verb_parser=<colcon_mixin.mixin.mixin_argument.MixinArgumentDecorator object at 0x7f12f9325670>, verb_extension=<colcon_core.verb.build.BuildVerb object at 0x7f12f9325400>, main=<bound method BuildVerb.main of <colcon_core.verb.build.BuildVerb object at 0x7f12f9325400>>, mixin_verb=('build',))
[0.365s] Level 1:colcon.colcon_core.package_discovery:discover_packages(colcon_meta) check parameters
[0.365s] Level 1:colcon.colcon_core.package_discovery:discover_packages(recursive) check parameters
[0.365s] Level 1:colcon.colcon_core.package_discovery:discover_packages(ignore) check parameters
[0.365s] Level 1:colcon.colcon_core.package_discovery:discover_packages(path) check parameters
[0.366s] Level 1:colcon.colcon_core.package_discovery:discover_packages(colcon_meta) discover
[0.366s] Level 1:colcon.colcon_core.package_discovery:discover_packages(recursive) discover
[0.366s] INFO:colcon.colcon_core.package_discovery:Crawling recursively for packages in '/ROS2_Manipulator/ubot_ws'
[0.367s] Level 1:colcon.colcon_core.package_identification:_identify(.) by extensions ['ignore', 'ignore_ament_install']
[0.367s] Level 1:colcon.colcon_core.package_identification:_identify(.) by extension 'ignore'
[0.367s] Level 1:colcon.colcon_core.package_identification:_identify(.) by extension 'ignore_ament_install'
[0.368s] Level 1:colcon.colcon_core.package_identification:_identify(.) by extensions ['colcon_pkg']
[0.368s] Level 1:colcon.colcon_core.package_identification:_identify(.) by extension 'colcon_pkg'
[0.368s] Level 1:colcon.colcon_core.package_identification:_identify(.) by extensions ['colcon_meta']
[0.368s] Level 1:colcon.colcon_core.package_identification:_identify(.) by extension 'colcon_meta'
[0.368s] Level 1:colcon.colcon_core.package_identification:_identify(.) by extensions ['ros']
[0.369s] Level 1:colcon.colcon_core.package_identification:_identify(.) by extension 'ros'
[0.404s] Level 1:colcon.colcon_core.package_identification:_identify(.) by extensions ['cmake', 'python']
[0.404s] Level 1:colcon.colcon_core.package_identification:_identify(.) by extension 'cmake'
[0.405s] Level 1:colcon.colcon_core.package_identification:_identify(.) by extension 'python'
[0.405s] Level 1:colcon.colcon_core.package_identification:_identify(.) by extensions ['python_setup_py']
[0.405s] Level 1:colcon.colcon_core.package_identification:_identify(.) by extension 'python_setup_py'
[0.407s] Level 1:colcon.colcon_core.package_identification:_identify(build) by extensions ['ignore', 'ignore_ament_install']
[0.407s] Level 1:colcon.colcon_core.package_identification:_identify(build) by extension 'ignore'
[0.408s] Level 1:colcon.colcon_core.package_identification:_identify(build) ignored
[0.409s] Level 1:colcon.colcon_core.package_identification:_identify(install) by extensions ['ignore', 'ignore_ament_install']
[0.410s] Level 1:colcon.colcon_core.package_identification:_identify(install) by extension 'ignore'
[0.411s] Level 1:colcon.colcon_core.package_identification:_identify(install) ignored
[0.413s] Level 1:colcon.colcon_core.package_identification:_identify(log) by extensions ['ignore', 'ignore_ament_install']
[0.413s] Level 1:colcon.colcon_core.package_identification:_identify(log) by extension 'ignore'
[0.414s] Level 1:colcon.colcon_core.package_identification:_identify(log) ignored
[0.415s] Level 1:colcon.colcon_core.package_identification:_identify(src) by extensions ['ignore', 'ignore_ament_install']
[0.416s] Level 1:colcon.colcon_core.package_identification:_identify(src) by extension 'ignore'
[0.416s] Level 1:colcon.colcon_core.package_identification:_identify(src) by extension 'ignore_ament_install'
[0.417s] Level 1:colcon.colcon_core.package_identification:_identify(src) by extensions ['colcon_pkg']
[0.417s] Level 1:colcon.colcon_core.package_identification:_identify(src) by extension 'colcon_pkg'
[0.418s] Level 1:colcon.colcon_core.package_identification:_identify(src) by extensions ['colcon_meta']
[0.418s] Level 1:colcon.colcon_core.package_identification:_identify(src) by extension 'colcon_meta'
[0.419s] Level 1:colcon.colcon_core.package_identification:_identify(src) by extensions ['ros']
[0.419s] Level 1:colcon.colcon_core.package_identification:_identify(src) by extension 'ros'
[0.422s] Level 1:colcon.colcon_core.package_identification:_identify(src) by extensions ['cmake', 'python']
[0.422s] Level 1:colcon.colcon_core.package_identification:_identify(src) by extension 'cmake'
[0.423s] Level 1:colcon.colcon_core.package_identification:_identify(src) by extension 'python'
[0.423s] Level 1:colcon.colcon_core.package_identification:_identify(src) by extensions ['python_setup_py']
[0.424s] Level 1:colcon.colcon_core.package_identification:_identify(src) by extension 'python_setup_py'
[0.427s] Level 1:colcon.colcon_core.package_identification:_identify(src/cpp_samples) by extensions ['ignore', 'ignore_ament_install']
[0.427s] Level 1:colcon.colcon_core.package_identification:_identify(src/cpp_samples) by extension 'ignore'
[0.428s] Level 1:colcon.colcon_core.package_identification:_identify(src/cpp_samples) by extension 'ignore_ament_install'
[0.430s] Level 1:colcon.colcon_core.package_identification:_identify(src/cpp_samples) by extensions ['colcon_pkg']
[0.430s] Level 1:colcon.colcon_core.package_identification:_identify(src/cpp_samples) by extension 'colcon_pkg'
[0.431s] Level 1:colcon.colcon_core.package_identification:_identify(src/cpp_samples) by extensions ['colcon_meta']
[0.431s] Level 1:colcon.colcon_core.package_identification:_identify(src/cpp_samples) by extension 'colcon_meta'
[0.432s] Level 1:colcon.colcon_core.package_identification:_identify(src/cpp_samples) by extensions ['ros']
[0.432s] Level 1:colcon.colcon_core.package_identification:_identify(src/cpp_samples) by extension 'ros'
[0.444s] DEBUG:colcon.colcon_core.package_identification:Package 'src/cpp_samples' with type 'ros.ament_cmake' and name 'cpp_samples'
[0.446s] Level 1:colcon.colcon_core.package_identification:_identify(src/py_samples) by extensions ['ignore', 'ignore_ament_install']
[0.446s] Level 1:colcon.colcon_core.package_identification:_identify(src/py_samples) by extension 'ignore'
[0.447s] Level 1:colcon.colcon_core.package_identification:_identify(src/py_samples) by extension 'ignore_ament_install'
[0.449s] Level 1:colcon.colcon_core.package_identification:_identify(src/py_samples) by extensions ['colcon_pkg']
[0.449s] Level 1:colcon.colcon_core.package_identification:_identify(src/py_samples) by extension 'colcon_pkg'
[0.450s] Level 1:colcon.colcon_core.package_identification:_identify(src/py_samples) by extensions ['colcon_meta']
[0.450s] Level 1:colcon.colcon_core.package_identification:_identify(src/py_samples) by extension 'colcon_meta'
[0.451s] Level 1:colcon.colcon_core.package_identification:_identify(src/py_samples) by extensions ['ros']
[0.451s] Level 1:colcon.colcon_core.package_identification:_identify(src/py_samples) by extension 'ros'
[0.460s] DEBUG:colcon.colcon_core.package_identification:Package 'src/py_samples' with type 'ros.ament_python' and name 'py_samples'
[0.461s] Level 1:colcon.colcon_core.package_discovery:discover_packages(recursive) using defaults
[0.461s] Level 1:colcon.colcon_core.package_discovery:discover_packages(ignore) discover
[0.461s] Level 1:colcon.colcon_core.package_discovery:discover_packages(ignore) using defaults
[0.461s] Level 1:colcon.colcon_core.package_discovery:discover_packages(path) discover
[0.461s] Level 1:colcon.colcon_core.package_discovery:discover_packages(path) using defaults
[0.508s] Level 5:colcon.colcon_core.verb:set package 'cpp_samples' build argument 'cmake_args' from command line to 'None'
[0.508s] Level 5:colcon.colcon_core.verb:set package 'cpp_samples' build argument 'cmake_target' from command line to 'None'
[0.508s] Level 5:colcon.colcon_core.verb:set package 'cpp_samples' build argument 'cmake_target_skip_unavailable' from command line to 'False'
[0.508s] Level 5:colcon.colcon_core.verb:set package 'cpp_samples' build argument 'cmake_clean_cache' from command line to 'False'
[0.509s] Level 5:colcon.colcon_core.verb:set package 'cpp_samples' build argument 'cmake_clean_first' from command line to 'False'
[0.509s] Level 5:colcon.colcon_core.verb:set package 'cpp_samples' build argument 'cmake_force_configure' from command line to 'False'
[0.509s] Level 5:colcon.colcon_core.verb:set package 'cpp_samples' build argument 'ament_cmake_args' from command line to 'None'
[0.509s] Level 5:colcon.colcon_core.verb:set package 'cpp_samples' build argument 'catkin_cmake_args' from command line to 'None'
[0.509s] Level 5:colcon.colcon_core.verb:set package 'cpp_samples' build argument 'catkin_skip_building_tests' from command line to 'False'
[0.510s] DEBUG:colcon.colcon_core.verb:Building package 'cpp_samples' with the following arguments: {'ament_cmake_args': None, 'build_base': '/ROS2_Manipulator/ubot_ws/build/cpp_samples', 'catkin_cmake_args': None, 'catkin_skip_building_tests': False, 'cmake_args': None, 'cmake_clean_cache': False, 'cmake_clean_first': False, 'cmake_force_configure': False, 'cmake_target': None, 'cmake_target_skip_unavailable': False, 'install_base': '/ROS2_Manipulator/ubot_ws/install/cpp_samples', 'merge_install': False, 'path': '/ROS2_Manipulator/ubot_ws/src/cpp_samples', 'symlink_install': False, 'test_result_base': None}
[0.510s] Level 5:colcon.colcon_core.verb:set package 'py_samples' build argument 'cmake_args' from command line to 'None'
[0.510s] Level 5:colcon.colcon_core.verb:set package 'py_samples' build argument 'cmake_target' from command line to 'None'
[0.510s] Level 5:colcon.colcon_core.verb:set package 'py_samples' build argument 'cmake_target_skip_unavailable' from command line to 'False'
[0.511s] Level 5:colcon.colcon_core.verb:set package 'py_samples' build argument 'cmake_clean_cache' from command line to 'False'
[0.511s] Level 5:colcon.colcon_core.verb:set package 'py_samples' build argument 'cmake_clean_first' from command line to 'False'
[0.511s] Level 5:colcon.colcon_core.verb:set package 'py_samples' build argument 'cmake_force_configure' from command line to 'False'
[0.511s] Level 5:colcon.colcon_core.verb:set package 'py_samples' build argument 'ament_cmake_args' from command line to 'None'
[0.511s] Level 5:colcon.colcon_core.verb:set package 'py_samples' build argument 'catkin_cmake_args' from command line to 'None'
[0.512s] Level 5:colcon.colcon_core.verb:set package 'py_samples' build argument 'catkin_skip_building_tests' from command line to 'False'
[0.512s] DEBUG:colcon.colcon_core.verb:Building package 'py_samples' with the following arguments: {'ament_cmake_args': None, 'build_base': '/ROS2_Manipulator/ubot_ws/build/py_samples', 'catkin_cmake_args': None, 'catkin_skip_building_tests': False, 'cmake_args': None, 'cmake_clean_cache': False, 'cmake_clean_first': False, 'cmake_force_configure': False, 'cmake_target': None, 'cmake_target_skip_unavailable': False, 'install_base': '/ROS2_Manipulator/ubot_ws/install/py_samples', 'merge_install': False, 'path': '/ROS2_Manipulator/ubot_ws/src/py_samples', 'symlink_install': False, 'test_result_base': None}
[0.512s] INFO:colcon.colcon_core.executor:Executing jobs using 'parallel' executor
[0.513s] DEBUG:colcon.colcon_parallel_executor.executor.parallel:run_until_complete
[0.513s] INFO:colcon.colcon_ros.task.ament_cmake.build:Building ROS package in '/ROS2_Manipulator/ubot_ws/src/cpp_samples' with build type 'ament_cmake'
[0.514s] INFO:colcon.colcon_cmake.task.cmake.build:Building CMake package in '/ROS2_Manipulator/ubot_ws/src/cpp_samples'
[0.521s] INFO:colcon.colcon_core.plugin_system:Skipping extension 'colcon_core.shell.bat': Not used on non-Windows systems
[0.522s] INFO:colcon.colcon_core.shell:Skip shell extension 'powershell' for command environment: Not usable outside of PowerShell
[0.522s] DEBUG:colcon.colcon_core.shell:Skip shell extension 'dsv' for command environment
[0.568s] INFO:colcon.colcon_ros.task.ament_python.build:Building ROS package in '/ROS2_Manipulator/ubot_ws/src/py_samples' with build type 'ament_python'
[0.568s] Level 1:colcon.colcon_core.shell:create_environment_hook('py_samples', 'ament_prefix_path')
[0.569s] INFO:colcon.colcon_core.shell:Creating environment hook '/ROS2_Manipulator/ubot_ws/install/py_samples/share/py_samples/hook/ament_prefix_path.ps1'
[0.579s] INFO:colcon.colcon_core.shell:Creating environment descriptor '/ROS2_Manipulator/ubot_ws/install/py_samples/share/py_samples/hook/ament_prefix_path.dsv'
[0.591s] INFO:colcon.colcon_core.shell:Creating environment hook '/ROS2_Manipulator/ubot_ws/install/py_samples/share/py_samples/hook/ament_prefix_path.sh'
[0.601s] INFO:colcon.colcon_core.shell:Skip shell extension 'powershell' for command environment: Not usable outside of PowerShell
[0.601s] DEBUG:colcon.colcon_core.shell:Skip shell extension 'dsv' for command environment
[0.672s] DEBUG:colcon.colcon_core.event_handler.log_command:Invoking command in '/ROS2_Manipulator/ubot_ws/build/cpp_samples': CMAKE_PREFIX_PATH=${CMAKE_PREFIX_PATH}:/ROS2_Manipulator/ubot_ws/install/py_samples:/opt/ros/jazzy VIRTUAL_ENV_PROMPT=(env_ros) /usr/bin/cmake --build /ROS2_Manipulator/ubot_ws/build/cpp_samples -- -j24 -l24
[1.080s] INFO:colcon.colcon_core.task.python.build:Building Python package in '/ROS2_Manipulator/ubot_ws/src/py_samples'
[1.080s] INFO:colcon.colcon_core.shell:Skip shell extension 'powershell' for command environment: Not usable outside of PowerShell
[1.080s] DEBUG:colcon.colcon_core.shell:Skip shell extension 'dsv' for command environment
[1.124s] DEBUG:colcon.colcon_core.event_handler.log_command:Invoked command in '/ROS2_Manipulator/ubot_ws/build/cpp_samples' returned '0': CMAKE_PREFIX_PATH=${CMAKE_PREFIX_PATH}:/ROS2_Manipulator/ubot_ws/install/py_samples:/opt/ros/jazzy VIRTUAL_ENV_PROMPT=(env_ros) /usr/bin/cmake --build /ROS2_Manipulator/ubot_ws/build/cpp_samples -- -j24 -l24
[1.175s] DEBUG:colcon.colcon_core.event_handler.log_command:Invoking command in '/ROS2_Manipulator/ubot_ws/build/cpp_samples': CMAKE_PREFIX_PATH=${CMAKE_PREFIX_PATH}:/ROS2_Manipulator/ubot_ws/install/py_samples:/opt/ros/jazzy VIRTUAL_ENV_PROMPT=(env_ros) /usr/bin/cmake --install /ROS2_Manipulator/ubot_ws/build/cpp_samples
[1.454s] Level 1:colcon.colcon_core.environment:create_environment_scripts_only(cpp_samples)
[1.455s] DEBUG:colcon.colcon_core.event_handler.log_command:Invoked command in '/ROS2_Manipulator/ubot_ws/build/cpp_samples' returned '0': CMAKE_PREFIX_PATH=${CMAKE_PREFIX_PATH}:/ROS2_Manipulator/ubot_ws/install/py_samples:/opt/ros/jazzy VIRTUAL_ENV_PROMPT=(env_ros) /usr/bin/cmake --install /ROS2_Manipulator/ubot_ws/build/cpp_samples
[1.462s] Level 1:colcon.colcon_core.environment:checking '/ROS2_Manipulator/ubot_ws/install/cpp_samples' for CMake module files
[1.517s] Level 1:colcon.colcon_core.environment:checking '/ROS2_Manipulator/ubot_ws/install/cpp_samples' for CMake config files
[1.563s] Level 1:colcon.colcon_core.shell:create_environment_hook('cpp_samples', 'cmake_prefix_path')
[1.563s] INFO:colcon.colcon_core.shell:Creating environment hook '/ROS2_Manipulator/ubot_ws/install/cpp_samples/share/cpp_samples/hook/cmake_prefix_path.ps1'
[1.573s] INFO:colcon.colcon_core.shell:Creating environment descriptor '/ROS2_Manipulator/ubot_ws/install/cpp_samples/share/cpp_samples/hook/cmake_prefix_path.dsv'
[1.583s] INFO:colcon.colcon_core.shell:Creating environment hook '/ROS2_Manipulator/ubot_ws/install/cpp_samples/share/cpp_samples/hook/cmake_prefix_path.sh'
[1.596s] Level 1:colcon.colcon_core.environment:checking '/ROS2_Manipulator/ubot_ws/install/cpp_samples/bin'
[1.596s] Level 1:colcon.colcon_core.environment:checking '/ROS2_Manipulator/ubot_ws/install/cpp_samples/lib/pkgconfig/cpp_samples.pc'
[1.598s] Level 1:colcon.colcon_core.environment:checking '/ROS2_Manipulator/ubot_ws/install/cpp_samples/lib/python3.12/site-packages'
[1.599s] Level 1:colcon.colcon_core.environment:checking '/ROS2_Manipulator/ubot_ws/install/cpp_samples/bin'
[1.600s] INFO:colcon.colcon_core.shell:Creating package script '/ROS2_Manipulator/ubot_ws/install/cpp_samples/share/cpp_samples/package.ps1'
[1.607s] INFO:colcon.colcon_core.shell:Creating package descriptor '/ROS2_Manipulator/ubot_ws/install/cpp_samples/share/cpp_samples/package.dsv'
[1.615s] INFO:colcon.colcon_core.shell:Creating package script '/ROS2_Manipulator/ubot_ws/install/cpp_samples/share/cpp_samples/package.sh'
[1.624s] INFO:colcon.colcon_core.shell:Creating package script '/ROS2_Manipulator/ubot_ws/install/cpp_samples/share/cpp_samples/package.bash'
[1.634s] INFO:colcon.colcon_core.shell:Creating package script '/ROS2_Manipulator/ubot_ws/install/cpp_samples/share/cpp_samples/package.zsh'
[1.642s] Level 1:colcon.colcon_core.environment:create_file_with_runtime_dependencies(/ROS2_Manipulator/ubot_ws/install/cpp_samples/share/colcon-core/packages/cpp_samples)
[1.683s] Level 1:colcon.colcon_core.environment:create_environment_scripts_only(cpp_samples)
[1.684s] Level 1:colcon.colcon_core.environment:checking '/ROS2_Manipulator/ubot_ws/install/cpp_samples' for CMake module files
[1.740s] Level 1:colcon.colcon_core.environment:checking '/ROS2_Manipulator/ubot_ws/install/cpp_samples' for CMake config files
[1.784s] Level 1:colcon.colcon_core.shell:create_environment_hook('cpp_samples', 'cmake_prefix_path')
[1.784s] INFO:colcon.colcon_core.shell:Creating environment hook '/ROS2_Manipulator/ubot_ws/install/cpp_samples/share/cpp_samples/hook/cmake_prefix_path.ps1'
[1.795s] INFO:colcon.colcon_core.shell:Creating environment descriptor '/ROS2_Manipulator/ubot_ws/install/cpp_samples/share/cpp_samples/hook/cmake_prefix_path.dsv'
[1.806s] INFO:colcon.colcon_core.shell:Creating environment hook '/ROS2_Manipulator/ubot_ws/install/cpp_samples/share/cpp_samples/hook/cmake_prefix_path.sh'
[1.819s] Level 1:colcon.colcon_core.environment:checking '/ROS2_Manipulator/ubot_ws/install/cpp_samples/bin'
[1.820s] Level 1:colcon.colcon_core.environment:checking '/ROS2_Manipulator/ubot_ws/install/cpp_samples/lib/pkgconfig/cpp_samples.pc'
[1.821s] Level 1:colcon.colcon_core.environment:checking '/ROS2_Manipulator/ubot_ws/install/cpp_samples/lib/python3.12/site-packages'
[1.822s] Level 1:colcon.colcon_core.environment:checking '/ROS2_Manipulator/ubot_ws/install/cpp_samples/bin'
[1.823s] INFO:colcon.colcon_core.shell:Creating package script '/ROS2_Manipulator/ubot_ws/install/cpp_samples/share/cpp_samples/package.ps1'
[1.833s] INFO:colcon.colcon_core.shell:Creating package descriptor '/ROS2_Manipulator/ubot_ws/install/cpp_samples/share/cpp_samples/package.dsv'
[1.841s] INFO:colcon.colcon_core.shell:Creating package script '/ROS2_Manipulator/ubot_ws/install/cpp_samples/share/cpp_samples/package.sh'
[1.850s] INFO:colcon.colcon_core.shell:Creating package script '/ROS2_Manipulator/ubot_ws/install/cpp_samples/share/cpp_samples/package.bash'
[1.858s] INFO:colcon.colcon_core.shell:Creating package script '/ROS2_Manipulator/ubot_ws/install/cpp_samples/share/cpp_samples/package.zsh'
[1.866s] Level 1:colcon.colcon_core.environment:create_file_with_runtime_dependencies(/ROS2_Manipulator/ubot_ws/install/cpp_samples/share/colcon-core/packages/cpp_samples)
[2.450s] DEBUG:colcon.colcon_core.event_handler.log_command:Invoking command in '/ROS2_Manipulator/ubot_ws/src/py_samples': PYTHONPATH=/ROS2_Manipulator/ubot_ws/build/py_samples/prefix_override:/usr/lib/python3/dist-packages/colcon_core/task/python/colcon_distutils_commands:/ROS2_Manipulator/ubot_ws/install/py_samples/lib/python3.12/site-packages:${PYTHONPATH} VIRTUAL_ENV_PROMPT=(env_ros) /usr/bin/python3 -W ignore:setup.py install is deprecated setup.py egg_info --egg-base ../../build/py_samples build --build-base /ROS2_Manipulator/ubot_ws/build/py_samples/build install --record /ROS2_Manipulator/ubot_ws/build/py_samples/install.log --single-version-externally-managed install_data
[3.845s] Level 1:colcon.colcon_core.environment:checking '/ROS2_Manipulator/ubot_ws/install/py_samples' for CMake module files
[3.846s] DEBUG:colcon.colcon_core.event_handler.log_command:Invoked command in '/ROS2_Manipulator/ubot_ws/src/py_samples' returned '0': PYTHONPATH=/ROS2_Manipulator/ubot_ws/build/py_samples/prefix_override:/usr/lib/python3/dist-packages/colcon_core/task/python/colcon_distutils_commands:/ROS2_Manipulator/ubot_ws/install/py_samples/lib/python3.12/site-packages:${PYTHONPATH} VIRTUAL_ENV_PROMPT=(env_ros) /usr/bin/python3 -W ignore:setup.py install is deprecated setup.py egg_info --egg-base ../../build/py_samples build --build-base /ROS2_Manipulator/ubot_ws/build/py_samples/build install --record /ROS2_Manipulator/ubot_ws/build/py_samples/install.log --single-version-externally-managed install_data
[3.881s] Level 1:colcon.colcon_core.environment:checking '/ROS2_Manipulator/ubot_ws/install/py_samples' for CMake config files
[3.943s] Level 1:colcon.colcon_core.environment:checking '/ROS2_Manipulator/ubot_ws/install/py_samples/lib'
[3.946s] Level 1:colcon.colcon_core.environment:checking '/ROS2_Manipulator/ubot_ws/install/py_samples/bin'
[3.947s] Level 1:colcon.colcon_core.environment:checking '/ROS2_Manipulator/ubot_ws/install/py_samples/lib/pkgconfig/py_samples.pc'
[3.948s] Level 1:colcon.colcon_core.environment:checking '/ROS2_Manipulator/ubot_ws/install/py_samples/lib/python3.12/site-packages'
[3.950s] Level 1:colcon.colcon_core.shell:create_environment_hook('py_samples', 'pythonpath')
[3.950s] INFO:colcon.colcon_core.shell:Creating environment hook '/ROS2_Manipulator/ubot_ws/install/py_samples/share/py_samples/hook/pythonpath.ps1'
[3.959s] INFO:colcon.colcon_core.shell:Creating environment descriptor '/ROS2_Manipulator/ubot_ws/install/py_samples/share/py_samples/hook/pythonpath.dsv'
[3.968s] INFO:colcon.colcon_core.shell:Creating environment hook '/ROS2_Manipulator/ubot_ws/install/py_samples/share/py_samples/hook/pythonpath.sh'
[3.978s] Level 1:colcon.colcon_core.environment:checking '/ROS2_Manipulator/ubot_ws/install/py_samples/bin'
[3.979s] Level 1:colcon.colcon_core.environment:create_environment_scripts_only(py_samples)
[3.979s] INFO:colcon.colcon_core.shell:Creating package script '/ROS2_Manipulator/ubot_ws/install/py_samples/share/py_samples/package.ps1'
[3.987s] INFO:colcon.colcon_core.shell:Creating package descriptor '/ROS2_Manipulator/ubot_ws/install/py_samples/share/py_samples/package.dsv'
[3.996s] INFO:colcon.colcon_core.shell:Creating package script '/ROS2_Manipulator/ubot_ws/install/py_samples/share/py_samples/package.sh'
[4.003s] INFO:colcon.colcon_core.shell:Creating package script '/ROS2_Manipulator/ubot_ws/install/py_samples/share/py_samples/package.bash'
[4.011s] INFO:colcon.colcon_core.shell:Creating package script '/ROS2_Manipulator/ubot_ws/install/py_samples/share/py_samples/package.zsh'
[4.019s] Level 1:colcon.colcon_core.environment:create_file_with_runtime_dependencies(/ROS2_Manipulator/ubot_ws/install/py_samples/share/colcon-core/packages/py_samples)
[4.026s] DEBUG:colcon.colcon_parallel_executor.executor.parallel:closing loop
[4.026s] DEBUG:colcon.colcon_parallel_executor.executor.parallel:loop closed
[4.026s] DEBUG:colcon.colcon_parallel_executor.executor.parallel:run_until_complete finished with '0'
[4.027s] DEBUG:colcon.colcon_core.event_reactor:joining thread
[4.054s] INFO:colcon.colcon_core.plugin_system:Skipping extension 'colcon_notification.desktop_notification.notify_send': Could not find 'notify-send'
[4.055s] INFO:colcon.colcon_core.plugin_system:Skipping extension 'colcon_notification.desktop_notification.terminal_notifier': Not used on non-Darwin systems
[4.055s] INFO:colcon.colcon_core.plugin_system:Skipping extension 'colcon_notification.desktop_notification.win32': Not used on non-Windows systems
[4.055s] INFO:colcon.colcon_notification.desktop_notification:Sending desktop notification using 'notify2'
[4.057s] DEBUG:colcon.colcon_notification.desktop_notification.notify2:Failed to initialize notify2: org.freedesktop.DBus.Error.Spawn.ExecFailed: /usr/bin/dbus-launch terminated abnormally without any error message
[4.057s] DEBUG:colcon.colcon_core.event_reactor:joined thread
[4.058s] INFO:colcon.colcon_core.shell:Creating prefix script '/ROS2_Manipulator/ubot_ws/install/local_setup.ps1'
[4.062s] INFO:colcon.colcon_core.shell:Creating prefix util module '/ROS2_Manipulator/ubot_ws/install/_local_setup_util_ps1.py'
[4.066s] INFO:colcon.colcon_core.shell:Creating prefix chain script '/ROS2_Manipulator/ubot_ws/install/setup.ps1'
[4.081s] INFO:colcon.colcon_core.shell:Creating prefix script '/ROS2_Manipulator/ubot_ws/install/local_setup.sh'
[4.085s] INFO:colcon.colcon_core.shell:Creating prefix util module '/ROS2_Manipulator/ubot_ws/install/_local_setup_util_sh.py'
[4.088s] INFO:colcon.colcon_core.shell:Creating prefix chain script '/ROS2_Manipulator/ubot_ws/install/setup.sh'
[4.104s] INFO:colcon.colcon_core.shell:Creating prefix script '/ROS2_Manipulator/ubot_ws/install/local_setup.bash'
[4.108s] INFO:colcon.colcon_core.shell:Creating prefix chain script '/ROS2_Manipulator/ubot_ws/install/setup.bash'
[4.121s] INFO:colcon.colcon_core.shell:Creating prefix script '/ROS2_Manipulator/ubot_ws/install/local_setup.zsh'
[4.125s] INFO:colcon.colcon_core.shell:Creating prefix chain script '/ROS2_Manipulator/ubot_ws/install/setup.zsh'
