[0.156s] Invoking command in '/ROS2_Manipulator/ubot_ws/build/cpp_samples': CMAKE_PREFIX_PATH=${CMAKE_PREFIX_PATH}:/ROS2_Manipulator/ubot_ws/install/py_samples:/opt/ros/jazzy VIRTUAL_ENV_PROMPT=(env_ros) /usr/bin/cmake --build /ROS2_Manipulator/ubot_ws/build/cpp_samples -- -j24 -l24
[0.608s] Invoked command in '/ROS2_Manipulator/ubot_ws/build/cpp_samples' returned '0': CMAKE_PREFIX_PATH=${CMAKE_PREFIX_PATH}:/ROS2_Manipulator/ubot_ws/install/py_samples:/opt/ros/jazzy VIRTUAL_ENV_PROMPT=(env_ros) /usr/bin/cmake --build /ROS2_Manipulator/ubot_ws/build/cpp_samples -- -j24 -l24
[0.659s] Invoking command in '/ROS2_Manipulator/ubot_ws/build/cpp_samples': CMAKE_PREFIX_PATH=${CMAKE_PREFIX_PATH}:/ROS2_Manipulator/ubot_ws/install/py_samples:/opt/ros/jazzy VIRTUAL_ENV_PROMPT=(env_ros) /usr/bin/cmake --install /ROS2_Manipulator/ubot_ws/build/cpp_samples
[0.670s] -- Install configuration: ""
[0.689s] -- Up-to-date: /ROS2_Manipulator/ubot_ws/install/cpp_samples/share/ament_index/resource_index/package_run_dependencies/cpp_samples
[0.713s] -- Up-to-date: /ROS2_Manipulator/ubot_ws/install/cpp_samples/share/ament_index/resource_index/parent_prefix_path/cpp_samples
[0.727s] -- Up-to-date: /ROS2_Manipulator/ubot_ws/install/cpp_samples/share/cpp_samples/environment/ament_prefix_path.sh
[0.743s] -- Up-to-date: /ROS2_Manipulator/ubot_ws/install/cpp_samples/share/cpp_samples/environment/ament_prefix_path.dsv
[0.754s] -- Up-to-date: /ROS2_Manipulator/ubot_ws/install/cpp_samples/share/cpp_samples/environment/path.sh
[0.769s] -- Up-to-date: /ROS2_Manipulator/ubot_ws/install/cpp_samples/share/cpp_samples/environment/path.dsv
[0.783s] -- Up-to-date: /ROS2_Manipulator/ubot_ws/install/cpp_samples/share/cpp_samples/local_setup.bash
[0.796s] -- Up-to-date: /ROS2_Manipulator/ubot_ws/install/cpp_samples/share/cpp_samples/local_setup.sh
[0.810s] -- Up-to-date: /ROS2_Manipulator/ubot_ws/install/cpp_samples/share/cpp_samples/local_setup.zsh
[0.824s] -- Up-to-date: /ROS2_Manipulator/ubot_ws/install/cpp_samples/share/cpp_samples/local_setup.dsv
[0.837s] -- Installing: /ROS2_Manipulator/ubot_ws/install/cpp_samples/share/cpp_samples/package.dsv
[0.889s] -- Up-to-date: /ROS2_Manipulator/ubot_ws/install/cpp_samples/share/ament_index/resource_index/packages/cpp_samples
[0.904s] -- Up-to-date: /ROS2_Manipulator/ubot_ws/install/cpp_samples/share/cpp_samples/cmake/cpp_samplesConfig.cmake
[0.918s] -- Up-to-date: /ROS2_Manipulator/ubot_ws/install/cpp_samples/share/cpp_samples/cmake/cpp_samplesConfig-version.cmake
[0.932s] -- Up-to-date: /ROS2_Manipulator/ubot_ws/install/cpp_samples/share/cpp_samples/package.xml
[0.939s] Invoked command in '/ROS2_Manipulator/ubot_ws/build/cpp_samples' returned '0': CMAKE_PREFIX_PATH=${CMAKE_PREFIX_PATH}:/ROS2_Manipulator/ubot_ws/install/py_samples:/opt/ros/jazzy VIRTUAL_ENV_PROMPT=(env_ros) /usr/bin/cmake --install /ROS2_Manipulator/ubot_ws/build/cpp_samples
