[0.192s] DEBUG:colcon:Command line arguments: ['/usr/bin/colcon', 'build']
[0.193s] DEBUG:colcon:Parsed command line arguments: Namespace(log_base=None, log_level=None, verb_name='build', build_base='build', install_base='install', merge_install=False, symlink_install=False, test_result_base=None, continue_on_error=False, executor='parallel', parallel_workers=24, event_handlers=None, ignore_user_meta=False, metas=['./colcon.meta'], base_paths=['.'], packages_ignore=None, packages_ignore_regex=None, paths=None, packages_up_to=None, packages_up_to_regex=None, packages_above=None, packages_above_and_dependencies=None, packages_above_depth=None, packages_select_by_dep=None, packages_skip_by_dep=None, packages_skip_up_to=None, packages_select_build_failed=False, packages_skip_build_finished=False, packages_select_test_failures=False, packages_skip_test_passed=False, packages_select=None, packages_skip=None, packages_select_regex=None, packages_skip_regex=None, packages_start=None, packages_end=None, cmake_args=None, cmake_target=None, cmake_target_skip_unavailable=False, cmake_clean_cache=False, cmake_clean_first=False, cmake_force_configure=False, ament_cmake_args=None, catkin_cmake_args=None, catkin_skip_building_tests=False, mixin_files=None, mixin=None, verb_parser=<colcon_mixin.mixin.mixin_argument.MixinArgumentDecorator object at 0x7f8e1ce39280>, verb_extension=<colcon_core.verb.build.BuildVerb object at 0x7f8e1ce39190>, main=<bound method BuildVerb.main of <colcon_core.verb.build.BuildVerb object at 0x7f8e1ce39190>>, mixin_verb=('build',))
[0.249s] Level 1:colcon.colcon_core.package_discovery:discover_packages(colcon_meta) check parameters
[0.250s] Level 1:colcon.colcon_core.package_discovery:discover_packages(recursive) check parameters
[0.250s] Level 1:colcon.colcon_core.package_discovery:discover_packages(ignore) check parameters
[0.250s] Level 1:colcon.colcon_core.package_discovery:discover_packages(path) check parameters
[0.250s] Level 1:colcon.colcon_core.package_discovery:discover_packages(colcon_meta) discover
[0.250s] Level 1:colcon.colcon_core.package_discovery:discover_packages(recursive) discover
[0.250s] INFO:colcon.colcon_core.package_discovery:Crawling recursively for packages in '/ROS2_Manipulator/ubot_ws'
[0.251s] Level 1:colcon.colcon_core.package_identification:_identify(.) by extensions ['ignore', 'ignore_ament_install']
[0.251s] Level 1:colcon.colcon_core.package_identification:_identify(.) by extension 'ignore'
[0.252s] Level 1:colcon.colcon_core.package_identification:_identify(.) by extension 'ignore_ament_install'
[0.252s] Level 1:colcon.colcon_core.package_identification:_identify(.) by extensions ['colcon_pkg']
[0.252s] Level 1:colcon.colcon_core.package_identification:_identify(.) by extension 'colcon_pkg'
[0.253s] Level 1:colcon.colcon_core.package_identification:_identify(.) by extensions ['colcon_meta']
[0.253s] Level 1:colcon.colcon_core.package_identification:_identify(.) by extension 'colcon_meta'
[0.253s] Level 1:colcon.colcon_core.package_identification:_identify(.) by extensions ['ros']
[0.253s] Level 1:colcon.colcon_core.package_identification:_identify(.) by extension 'ros'
[0.282s] Level 1:colcon.colcon_core.package_identification:_identify(.) by extensions ['cmake', 'python']
[0.283s] Level 1:colcon.colcon_core.package_identification:_identify(.) by extension 'cmake'
[0.283s] Level 1:colcon.colcon_core.package_identification:_identify(.) by extension 'python'
[0.283s] Level 1:colcon.colcon_core.package_identification:_identify(.) by extensions ['python_setup_py']
[0.283s] Level 1:colcon.colcon_core.package_identification:_identify(.) by extension 'python_setup_py'
[0.285s] Level 1:colcon.colcon_core.package_identification:_identify(build) by extensions ['ignore', 'ignore_ament_install']
[0.285s] Level 1:colcon.colcon_core.package_identification:_identify(build) by extension 'ignore'
[0.286s] Level 1:colcon.colcon_core.package_identification:_identify(build) ignored
[0.288s] Level 1:colcon.colcon_core.package_identification:_identify(install) by extensions ['ignore', 'ignore_ament_install']
[0.288s] Level 1:colcon.colcon_core.package_identification:_identify(install) by extension 'ignore'
[0.289s] Level 1:colcon.colcon_core.package_identification:_identify(install) ignored
[0.292s] Level 1:colcon.colcon_core.package_identification:_identify(log) by extensions ['ignore', 'ignore_ament_install']
[0.292s] Level 1:colcon.colcon_core.package_identification:_identify(log) by extension 'ignore'
[0.292s] Level 1:colcon.colcon_core.package_identification:_identify(log) ignored
[0.294s] Level 1:colcon.colcon_core.package_identification:_identify(src) by extensions ['ignore', 'ignore_ament_install']
[0.294s] Level 1:colcon.colcon_core.package_identification:_identify(src) by extension 'ignore'
[0.295s] Level 1:colcon.colcon_core.package_identification:_identify(src) by extension 'ignore_ament_install'
[0.296s] Level 1:colcon.colcon_core.package_identification:_identify(src) by extensions ['colcon_pkg']
[0.296s] Level 1:colcon.colcon_core.package_identification:_identify(src) by extension 'colcon_pkg'
[0.297s] Level 1:colcon.colcon_core.package_identification:_identify(src) by extensions ['colcon_meta']
[0.297s] Level 1:colcon.colcon_core.package_identification:_identify(src) by extension 'colcon_meta'
[0.297s] Level 1:colcon.colcon_core.package_identification:_identify(src) by extensions ['ros']
[0.298s] Level 1:colcon.colcon_core.package_identification:_identify(src) by extension 'ros'
[0.300s] Level 1:colcon.colcon_core.package_identification:_identify(src) by extensions ['cmake', 'python']
[0.300s] Level 1:colcon.colcon_core.package_identification:_identify(src) by extension 'cmake'
[0.300s] Level 1:colcon.colcon_core.package_identification:_identify(src) by extension 'python'
[0.301s] Level 1:colcon.colcon_core.package_identification:_identify(src) by extensions ['python_setup_py']
[0.301s] Level 1:colcon.colcon_core.package_identification:_identify(src) by extension 'python_setup_py'
[0.304s] Level 1:colcon.colcon_core.package_identification:_identify(src/cpp_samples) by extensions ['ignore', 'ignore_ament_install']
[0.305s] Level 1:colcon.colcon_core.package_identification:_identify(src/cpp_samples) by extension 'ignore'
[0.305s] Level 1:colcon.colcon_core.package_identification:_identify(src/cpp_samples) by extension 'ignore_ament_install'
[0.307s] Level 1:colcon.colcon_core.package_identification:_identify(src/cpp_samples) by extensions ['colcon_pkg']
[0.307s] Level 1:colcon.colcon_core.package_identification:_identify(src/cpp_samples) by extension 'colcon_pkg'
[0.308s] Level 1:colcon.colcon_core.package_identification:_identify(src/cpp_samples) by extensions ['colcon_meta']
[0.308s] Level 1:colcon.colcon_core.package_identification:_identify(src/cpp_samples) by extension 'colcon_meta'
[0.309s] Level 1:colcon.colcon_core.package_identification:_identify(src/cpp_samples) by extensions ['ros']
[0.310s] Level 1:colcon.colcon_core.package_identification:_identify(src/cpp_samples) by extension 'ros'
[0.320s] DEBUG:colcon.colcon_core.package_identification:Package 'src/cpp_samples' with type 'ros.ament_cmake' and name 'cpp_samples'
[0.323s] Level 1:colcon.colcon_core.package_identification:_identify(src/py_samples) by extensions ['ignore', 'ignore_ament_install']
[0.323s] Level 1:colcon.colcon_core.package_identification:_identify(src/py_samples) by extension 'ignore'
[0.324s] Level 1:colcon.colcon_core.package_identification:_identify(src/py_samples) by extension 'ignore_ament_install'
[0.325s] Level 1:colcon.colcon_core.package_identification:_identify(src/py_samples) by extensions ['colcon_pkg']
[0.325s] Level 1:colcon.colcon_core.package_identification:_identify(src/py_samples) by extension 'colcon_pkg'
[0.326s] Level 1:colcon.colcon_core.package_identification:_identify(src/py_samples) by extensions ['colcon_meta']
[0.327s] Level 1:colcon.colcon_core.package_identification:_identify(src/py_samples) by extension 'colcon_meta'
[0.328s] Level 1:colcon.colcon_core.package_identification:_identify(src/py_samples) by extensions ['ros']
[0.328s] Level 1:colcon.colcon_core.package_identification:_identify(src/py_samples) by extension 'ros'
[0.337s] DEBUG:colcon.colcon_core.package_identification:Package 'src/py_samples' with type 'ros.ament_python' and name 'py_samples'
[0.337s] Level 1:colcon.colcon_core.package_discovery:discover_packages(recursive) using defaults
[0.337s] Level 1:colcon.colcon_core.package_discovery:discover_packages(ignore) discover
[0.337s] Level 1:colcon.colcon_core.package_discovery:discover_packages(ignore) using defaults
[0.337s] Level 1:colcon.colcon_core.package_discovery:discover_packages(path) discover
[0.338s] Level 1:colcon.colcon_core.package_discovery:discover_packages(path) using defaults
[0.378s] Level 5:colcon.colcon_core.verb:set package 'cpp_samples' build argument 'cmake_args' from command line to 'None'
[0.378s] Level 5:colcon.colcon_core.verb:set package 'cpp_samples' build argument 'cmake_target' from command line to 'None'
[0.378s] Level 5:colcon.colcon_core.verb:set package 'cpp_samples' build argument 'cmake_target_skip_unavailable' from command line to 'False'
[0.378s] Level 5:colcon.colcon_core.verb:set package 'cpp_samples' build argument 'cmake_clean_cache' from command line to 'False'
[0.378s] Level 5:colcon.colcon_core.verb:set package 'cpp_samples' build argument 'cmake_clean_first' from command line to 'False'
[0.379s] Level 5:colcon.colcon_core.verb:set package 'cpp_samples' build argument 'cmake_force_configure' from command line to 'False'
[0.379s] Level 5:colcon.colcon_core.verb:set package 'cpp_samples' build argument 'ament_cmake_args' from command line to 'None'
[0.379s] Level 5:colcon.colcon_core.verb:set package 'cpp_samples' build argument 'catkin_cmake_args' from command line to 'None'
[0.379s] Level 5:colcon.colcon_core.verb:set package 'cpp_samples' build argument 'catkin_skip_building_tests' from command line to 'False'
[0.379s] DEBUG:colcon.colcon_core.verb:Building package 'cpp_samples' with the following arguments: {'ament_cmake_args': None, 'build_base': '/ROS2_Manipulator/ubot_ws/build/cpp_samples', 'catkin_cmake_args': None, 'catkin_skip_building_tests': False, 'cmake_args': None, 'cmake_clean_cache': False, 'cmake_clean_first': False, 'cmake_force_configure': False, 'cmake_target': None, 'cmake_target_skip_unavailable': False, 'install_base': '/ROS2_Manipulator/ubot_ws/install/cpp_samples', 'merge_install': False, 'path': '/ROS2_Manipulator/ubot_ws/src/cpp_samples', 'symlink_install': False, 'test_result_base': None}
[0.380s] Level 5:colcon.colcon_core.verb:set package 'py_samples' build argument 'cmake_args' from command line to 'None'
[0.380s] Level 5:colcon.colcon_core.verb:set package 'py_samples' build argument 'cmake_target' from command line to 'None'
[0.380s] Level 5:colcon.colcon_core.verb:set package 'py_samples' build argument 'cmake_target_skip_unavailable' from command line to 'False'
[0.380s] Level 5:colcon.colcon_core.verb:set package 'py_samples' build argument 'cmake_clean_cache' from command line to 'False'
[0.380s] Level 5:colcon.colcon_core.verb:set package 'py_samples' build argument 'cmake_clean_first' from command line to 'False'
[0.380s] Level 5:colcon.colcon_core.verb:set package 'py_samples' build argument 'cmake_force_configure' from command line to 'False'
[0.380s] Level 5:colcon.colcon_core.verb:set package 'py_samples' build argument 'ament_cmake_args' from command line to 'None'
[0.381s] Level 5:colcon.colcon_core.verb:set package 'py_samples' build argument 'catkin_cmake_args' from command line to 'None'
[0.381s] Level 5:colcon.colcon_core.verb:set package 'py_samples' build argument 'catkin_skip_building_tests' from command line to 'False'
[0.381s] DEBUG:colcon.colcon_core.verb:Building package 'py_samples' with the following arguments: {'ament_cmake_args': None, 'build_base': '/ROS2_Manipulator/ubot_ws/build/py_samples', 'catkin_cmake_args': None, 'catkin_skip_building_tests': False, 'cmake_args': None, 'cmake_clean_cache': False, 'cmake_clean_first': False, 'cmake_force_configure': False, 'cmake_target': None, 'cmake_target_skip_unavailable': False, 'install_base': '/ROS2_Manipulator/ubot_ws/install/py_samples', 'merge_install': False, 'path': '/ROS2_Manipulator/ubot_ws/src/py_samples', 'symlink_install': False, 'test_result_base': None}
[0.381s] INFO:colcon.colcon_core.executor:Executing jobs using 'parallel' executor
[0.382s] DEBUG:colcon.colcon_parallel_executor.executor.parallel:run_until_complete
[0.382s] INFO:colcon.colcon_ros.task.ament_cmake.build:Building ROS package in '/ROS2_Manipulator/ubot_ws/src/cpp_samples' with build type 'ament_cmake'
[0.382s] INFO:colcon.colcon_cmake.task.cmake.build:Building CMake package in '/ROS2_Manipulator/ubot_ws/src/cpp_samples'
[0.387s] INFO:colcon.colcon_core.plugin_system:Skipping extension 'colcon_core.shell.bat': Not used on non-Windows systems
[0.388s] INFO:colcon.colcon_core.shell:Skip shell extension 'powershell' for command environment: Not usable outside of PowerShell
[0.388s] DEBUG:colcon.colcon_core.shell:Skip shell extension 'dsv' for command environment
[0.432s] INFO:colcon.colcon_ros.task.ament_python.build:Building ROS package in '/ROS2_Manipulator/ubot_ws/src/py_samples' with build type 'ament_python'
[0.432s] Level 1:colcon.colcon_core.shell:create_environment_hook('py_samples', 'ament_prefix_path')
[0.432s] INFO:colcon.colcon_core.shell:Creating environment hook '/ROS2_Manipulator/ubot_ws/install/py_samples/share/py_samples/hook/ament_prefix_path.ps1'
[0.443s] INFO:colcon.colcon_core.shell:Creating environment descriptor '/ROS2_Manipulator/ubot_ws/install/py_samples/share/py_samples/hook/ament_prefix_path.dsv'
[0.453s] INFO:colcon.colcon_core.shell:Creating environment hook '/ROS2_Manipulator/ubot_ws/install/py_samples/share/py_samples/hook/ament_prefix_path.sh'
[0.463s] INFO:colcon.colcon_core.shell:Skip shell extension 'powershell' for command environment: Not usable outside of PowerShell
[0.463s] DEBUG:colcon.colcon_core.shell:Skip shell extension 'dsv' for command environment
[0.534s] DEBUG:colcon.colcon_core.event_handler.log_command:Invoking command in '/ROS2_Manipulator/ubot_ws/build/cpp_samples': CMAKE_PREFIX_PATH=${CMAKE_PREFIX_PATH}:/ROS2_Manipulator/ubot_ws/install/py_samples:/opt/ros/jazzy VIRTUAL_ENV_PROMPT=(env_ros) /usr/bin/cmake --build /ROS2_Manipulator/ubot_ws/build/cpp_samples -- -j24 -l24
[0.935s] INFO:colcon.colcon_core.task.python.build:Building Python package in '/ROS2_Manipulator/ubot_ws/src/py_samples'
[0.935s] INFO:colcon.colcon_core.shell:Skip shell extension 'powershell' for command environment: Not usable outside of PowerShell
[0.936s] DEBUG:colcon.colcon_core.shell:Skip shell extension 'dsv' for command environment
[0.977s] DEBUG:colcon.colcon_core.event_handler.log_command:Invoked command in '/ROS2_Manipulator/ubot_ws/build/cpp_samples' returned '0': CMAKE_PREFIX_PATH=${CMAKE_PREFIX_PATH}:/ROS2_Manipulator/ubot_ws/install/py_samples:/opt/ros/jazzy VIRTUAL_ENV_PROMPT=(env_ros) /usr/bin/cmake --build /ROS2_Manipulator/ubot_ws/build/cpp_samples -- -j24 -l24
[1.029s] DEBUG:colcon.colcon_core.event_handler.log_command:Invoking command in '/ROS2_Manipulator/ubot_ws/build/cpp_samples': CMAKE_PREFIX_PATH=${CMAKE_PREFIX_PATH}:/ROS2_Manipulator/ubot_ws/install/py_samples:/opt/ros/jazzy VIRTUAL_ENV_PROMPT=(env_ros) /usr/bin/cmake --install /ROS2_Manipulator/ubot_ws/build/cpp_samples
[1.306s] Level 1:colcon.colcon_core.environment:create_environment_scripts_only(cpp_samples)
[1.307s] DEBUG:colcon.colcon_core.event_handler.log_command:Invoked command in '/ROS2_Manipulator/ubot_ws/build/cpp_samples' returned '0': CMAKE_PREFIX_PATH=${CMAKE_PREFIX_PATH}:/ROS2_Manipulator/ubot_ws/install/py_samples:/opt/ros/jazzy VIRTUAL_ENV_PROMPT=(env_ros) /usr/bin/cmake --install /ROS2_Manipulator/ubot_ws/build/cpp_samples
[1.312s] Level 1:colcon.colcon_core.environment:checking '/ROS2_Manipulator/ubot_ws/install/cpp_samples' for CMake module files
[1.365s] Level 1:colcon.colcon_core.environment:checking '/ROS2_Manipulator/ubot_ws/install/cpp_samples' for CMake config files
[1.411s] Level 1:colcon.colcon_core.shell:create_environment_hook('cpp_samples', 'cmake_prefix_path')
[1.412s] INFO:colcon.colcon_core.shell:Creating environment hook '/ROS2_Manipulator/ubot_ws/install/cpp_samples/share/cpp_samples/hook/cmake_prefix_path.ps1'
[1.422s] INFO:colcon.colcon_core.shell:Creating environment descriptor '/ROS2_Manipulator/ubot_ws/install/cpp_samples/share/cpp_samples/hook/cmake_prefix_path.dsv'
[1.433s] INFO:colcon.colcon_core.shell:Creating environment hook '/ROS2_Manipulator/ubot_ws/install/cpp_samples/share/cpp_samples/hook/cmake_prefix_path.sh'
[1.445s] Level 1:colcon.colcon_core.environment:checking '/ROS2_Manipulator/ubot_ws/install/cpp_samples/bin'
[1.446s] Level 1:colcon.colcon_core.environment:checking '/ROS2_Manipulator/ubot_ws/install/cpp_samples/lib/pkgconfig/cpp_samples.pc'
[1.447s] Level 1:colcon.colcon_core.environment:checking '/ROS2_Manipulator/ubot_ws/install/cpp_samples/lib/python3.12/site-packages'
[1.448s] Level 1:colcon.colcon_core.environment:checking '/ROS2_Manipulator/ubot_ws/install/cpp_samples/bin'
[1.449s] INFO:colcon.colcon_core.shell:Creating package script '/ROS2_Manipulator/ubot_ws/install/cpp_samples/share/cpp_samples/package.ps1'
[1.458s] INFO:colcon.colcon_core.shell:Creating package descriptor '/ROS2_Manipulator/ubot_ws/install/cpp_samples/share/cpp_samples/package.dsv'
[1.467s] INFO:colcon.colcon_core.shell:Creating package script '/ROS2_Manipulator/ubot_ws/install/cpp_samples/share/cpp_samples/package.sh'
[1.477s] INFO:colcon.colcon_core.shell:Creating package script '/ROS2_Manipulator/ubot_ws/install/cpp_samples/share/cpp_samples/package.bash'
[1.487s] INFO:colcon.colcon_core.shell:Creating package script '/ROS2_Manipulator/ubot_ws/install/cpp_samples/share/cpp_samples/package.zsh'
[1.497s] Level 1:colcon.colcon_core.environment:create_file_with_runtime_dependencies(/ROS2_Manipulator/ubot_ws/install/cpp_samples/share/colcon-core/packages/cpp_samples)
[1.539s] Level 1:colcon.colcon_core.environment:create_environment_scripts_only(cpp_samples)
[1.540s] Level 1:colcon.colcon_core.environment:checking '/ROS2_Manipulator/ubot_ws/install/cpp_samples' for CMake module files
[1.592s] Level 1:colcon.colcon_core.environment:checking '/ROS2_Manipulator/ubot_ws/install/cpp_samples' for CMake config files
[1.638s] Level 1:colcon.colcon_core.shell:create_environment_hook('cpp_samples', 'cmake_prefix_path')
[1.638s] INFO:colcon.colcon_core.shell:Creating environment hook '/ROS2_Manipulator/ubot_ws/install/cpp_samples/share/cpp_samples/hook/cmake_prefix_path.ps1'
[1.647s] INFO:colcon.colcon_core.shell:Creating environment descriptor '/ROS2_Manipulator/ubot_ws/install/cpp_samples/share/cpp_samples/hook/cmake_prefix_path.dsv'
[1.657s] INFO:colcon.colcon_core.shell:Creating environment hook '/ROS2_Manipulator/ubot_ws/install/cpp_samples/share/cpp_samples/hook/cmake_prefix_path.sh'
[1.669s] Level 1:colcon.colcon_core.environment:checking '/ROS2_Manipulator/ubot_ws/install/cpp_samples/bin'
[1.670s] Level 1:colcon.colcon_core.environment:checking '/ROS2_Manipulator/ubot_ws/install/cpp_samples/lib/pkgconfig/cpp_samples.pc'
[1.672s] Level 1:colcon.colcon_core.environment:checking '/ROS2_Manipulator/ubot_ws/install/cpp_samples/lib/python3.12/site-packages'
[1.673s] Level 1:colcon.colcon_core.environment:checking '/ROS2_Manipulator/ubot_ws/install/cpp_samples/bin'
[1.674s] INFO:colcon.colcon_core.shell:Creating package script '/ROS2_Manipulator/ubot_ws/install/cpp_samples/share/cpp_samples/package.ps1'
[1.683s] INFO:colcon.colcon_core.shell:Creating package descriptor '/ROS2_Manipulator/ubot_ws/install/cpp_samples/share/cpp_samples/package.dsv'
[1.691s] INFO:colcon.colcon_core.shell:Creating package script '/ROS2_Manipulator/ubot_ws/install/cpp_samples/share/cpp_samples/package.sh'
[1.700s] INFO:colcon.colcon_core.shell:Creating package script '/ROS2_Manipulator/ubot_ws/install/cpp_samples/share/cpp_samples/package.bash'
[1.709s] INFO:colcon.colcon_core.shell:Creating package script '/ROS2_Manipulator/ubot_ws/install/cpp_samples/share/cpp_samples/package.zsh'
[1.718s] Level 1:colcon.colcon_core.environment:create_file_with_runtime_dependencies(/ROS2_Manipulator/ubot_ws/install/cpp_samples/share/colcon-core/packages/cpp_samples)
[2.068s] DEBUG:colcon.colcon_core.event_handler.log_command:Invoking command in '/ROS2_Manipulator/ubot_ws/src/py_samples': PYTHONPATH=/ROS2_Manipulator/ubot_ws/build/py_samples/prefix_override:/usr/lib/python3/dist-packages/colcon_core/task/python/colcon_distutils_commands:/ROS2_Manipulator/ubot_ws/install/py_samples/lib/python3.12/site-packages:${PYTHONPATH} VIRTUAL_ENV_PROMPT=(env_ros) /usr/bin/python3 -W ignore:setup.py install is deprecated setup.py egg_info --egg-base ../../build/py_samples build --build-base /ROS2_Manipulator/ubot_ws/build/py_samples/build install --record /ROS2_Manipulator/ubot_ws/build/py_samples/install.log --single-version-externally-managed install_data
[3.516s] Level 1:colcon.colcon_core.environment:checking '/ROS2_Manipulator/ubot_ws/install/py_samples' for CMake module files
[3.517s] DEBUG:colcon.colcon_core.event_handler.log_command:Invoked command in '/ROS2_Manipulator/ubot_ws/src/py_samples' returned '0': PYTHONPATH=/ROS2_Manipulator/ubot_ws/build/py_samples/prefix_override:/usr/lib/python3/dist-packages/colcon_core/task/python/colcon_distutils_commands:/ROS2_Manipulator/ubot_ws/install/py_samples/lib/python3.12/site-packages:${PYTHONPATH} VIRTUAL_ENV_PROMPT=(env_ros) /usr/bin/python3 -W ignore:setup.py install is deprecated setup.py egg_info --egg-base ../../build/py_samples build --build-base /ROS2_Manipulator/ubot_ws/build/py_samples/build install --record /ROS2_Manipulator/ubot_ws/build/py_samples/install.log --single-version-externally-managed install_data
[3.552s] Level 1:colcon.colcon_core.environment:checking '/ROS2_Manipulator/ubot_ws/install/py_samples' for CMake config files
[3.613s] Level 1:colcon.colcon_core.environment:checking '/ROS2_Manipulator/ubot_ws/install/py_samples/lib'
[3.616s] Level 1:colcon.colcon_core.environment:checking '/ROS2_Manipulator/ubot_ws/install/py_samples/bin'
[3.617s] Level 1:colcon.colcon_core.environment:checking '/ROS2_Manipulator/ubot_ws/install/py_samples/lib/pkgconfig/py_samples.pc'
[3.618s] Level 1:colcon.colcon_core.environment:checking '/ROS2_Manipulator/ubot_ws/install/py_samples/lib/python3.12/site-packages'
[3.620s] Level 1:colcon.colcon_core.shell:create_environment_hook('py_samples', 'pythonpath')
[3.620s] INFO:colcon.colcon_core.shell:Creating environment hook '/ROS2_Manipulator/ubot_ws/install/py_samples/share/py_samples/hook/pythonpath.ps1'
[3.629s] INFO:colcon.colcon_core.shell:Creating environment descriptor '/ROS2_Manipulator/ubot_ws/install/py_samples/share/py_samples/hook/pythonpath.dsv'
[3.640s] INFO:colcon.colcon_core.shell:Creating environment hook '/ROS2_Manipulator/ubot_ws/install/py_samples/share/py_samples/hook/pythonpath.sh'
[3.649s] Level 1:colcon.colcon_core.environment:checking '/ROS2_Manipulator/ubot_ws/install/py_samples/bin'
[3.650s] Level 1:colcon.colcon_core.environment:create_environment_scripts_only(py_samples)
[3.650s] INFO:colcon.colcon_core.shell:Creating package script '/ROS2_Manipulator/ubot_ws/install/py_samples/share/py_samples/package.ps1'
[3.658s] INFO:colcon.colcon_core.shell:Creating package descriptor '/ROS2_Manipulator/ubot_ws/install/py_samples/share/py_samples/package.dsv'
[3.666s] INFO:colcon.colcon_core.shell:Creating package script '/ROS2_Manipulator/ubot_ws/install/py_samples/share/py_samples/package.sh'
[3.674s] INFO:colcon.colcon_core.shell:Creating package script '/ROS2_Manipulator/ubot_ws/install/py_samples/share/py_samples/package.bash'
[3.682s] INFO:colcon.colcon_core.shell:Creating package script '/ROS2_Manipulator/ubot_ws/install/py_samples/share/py_samples/package.zsh'
[3.690s] Level 1:colcon.colcon_core.environment:create_file_with_runtime_dependencies(/ROS2_Manipulator/ubot_ws/install/py_samples/share/colcon-core/packages/py_samples)
[3.696s] DEBUG:colcon.colcon_parallel_executor.executor.parallel:closing loop
[3.696s] DEBUG:colcon.colcon_parallel_executor.executor.parallel:loop closed
[3.697s] DEBUG:colcon.colcon_parallel_executor.executor.parallel:run_until_complete finished with '0'
[3.697s] DEBUG:colcon.colcon_core.event_reactor:joining thread
[3.718s] INFO:colcon.colcon_core.plugin_system:Skipping extension 'colcon_notification.desktop_notification.notify_send': Could not find 'notify-send'
[3.718s] INFO:colcon.colcon_core.plugin_system:Skipping extension 'colcon_notification.desktop_notification.terminal_notifier': Not used on non-Darwin systems
[3.718s] INFO:colcon.colcon_core.plugin_system:Skipping extension 'colcon_notification.desktop_notification.win32': Not used on non-Windows systems
[3.718s] INFO:colcon.colcon_notification.desktop_notification:Sending desktop notification using 'notify2'
[3.720s] DEBUG:colcon.colcon_notification.desktop_notification.notify2:Failed to initialize notify2: org.freedesktop.DBus.Error.Spawn.ExecFailed: /usr/bin/dbus-launch terminated abnormally without any error message
[3.721s] DEBUG:colcon.colcon_core.event_reactor:joined thread
[3.721s] INFO:colcon.colcon_core.shell:Creating prefix script '/ROS2_Manipulator/ubot_ws/install/local_setup.ps1'
[3.725s] INFO:colcon.colcon_core.shell:Creating prefix util module '/ROS2_Manipulator/ubot_ws/install/_local_setup_util_ps1.py'
[3.729s] INFO:colcon.colcon_core.shell:Creating prefix chain script '/ROS2_Manipulator/ubot_ws/install/setup.ps1'
[3.743s] INFO:colcon.colcon_core.shell:Creating prefix script '/ROS2_Manipulator/ubot_ws/install/local_setup.sh'
[3.747s] INFO:colcon.colcon_core.shell:Creating prefix util module '/ROS2_Manipulator/ubot_ws/install/_local_setup_util_sh.py'
[3.750s] INFO:colcon.colcon_core.shell:Creating prefix chain script '/ROS2_Manipulator/ubot_ws/install/setup.sh'
[3.764s] INFO:colcon.colcon_core.shell:Creating prefix script '/ROS2_Manipulator/ubot_ws/install/local_setup.bash'
[3.767s] INFO:colcon.colcon_core.shell:Creating prefix chain script '/ROS2_Manipulator/ubot_ws/install/setup.bash'
[3.782s] INFO:colcon.colcon_core.shell:Creating prefix script '/ROS2_Manipulator/ubot_ws/install/local_setup.zsh'
[3.786s] INFO:colcon.colcon_core.shell:Creating prefix chain script '/ROS2_Manipulator/ubot_ws/install/setup.zsh'
