[0.193s] DEBUG:colcon:Command line arguments: ['/usr/bin/colcon', 'build']
[0.193s] DEBUG:colcon:Parsed command line arguments: Namespace(log_base=None, log_level=None, verb_name='build', build_base='build', install_base='install', merge_install=False, symlink_install=False, test_result_base=None, continue_on_error=False, executor='parallel', parallel_workers=24, event_handlers=None, ignore_user_meta=False, metas=['./colcon.meta'], base_paths=['.'], packages_ignore=None, packages_ignore_regex=None, paths=None, packages_up_to=None, packages_up_to_regex=None, packages_above=None, packages_above_and_dependencies=None, packages_above_depth=None, packages_select_by_dep=None, packages_skip_by_dep=None, packages_skip_up_to=None, packages_select_build_failed=False, packages_skip_build_finished=False, packages_select_test_failures=False, packages_skip_test_passed=False, packages_select=None, packages_skip=None, packages_select_regex=None, packages_skip_regex=None, packages_start=None, packages_end=None, cmake_args=None, cmake_target=None, cmake_target_skip_unavailable=False, cmake_clean_cache=False, cmake_clean_first=False, cmake_force_configure=False, ament_cmake_args=None, catkin_cmake_args=None, catkin_skip_building_tests=False, mixin_files=None, mixin=None, verb_parser=<colcon_mixin.mixin.mixin_argument.MixinArgumentDecorator object at 0x7f2bfaa1d640>, verb_extension=<colcon_core.verb.build.BuildVerb object at 0x7f2bfaa1d400>, main=<bound method BuildVerb.main of <colcon_core.verb.build.BuildVerb object at 0x7f2bfaa1d400>>, mixin_verb=('build',))
[0.245s] Level 1:colcon.colcon_core.package_discovery:discover_packages(colcon_meta) check parameters
[0.246s] Level 1:colcon.colcon_core.package_discovery:discover_packages(recursive) check parameters
[0.246s] Level 1:colcon.colcon_core.package_discovery:discover_packages(ignore) check parameters
[0.246s] Level 1:colcon.colcon_core.package_discovery:discover_packages(path) check parameters
[0.246s] Level 1:colcon.colcon_core.package_discovery:discover_packages(colcon_meta) discover
[0.246s] Level 1:colcon.colcon_core.package_discovery:discover_packages(recursive) discover
[0.246s] INFO:colcon.colcon_core.package_discovery:Crawling recursively for packages in '/ROS2_Manipulator/ubot_ws'
[0.247s] Level 1:colcon.colcon_core.package_identification:_identify(.) by extensions ['ignore', 'ignore_ament_install']
[0.248s] Level 1:colcon.colcon_core.package_identification:_identify(.) by extension 'ignore'
[0.248s] Level 1:colcon.colcon_core.package_identification:_identify(.) by extension 'ignore_ament_install'
[0.248s] Level 1:colcon.colcon_core.package_identification:_identify(.) by extensions ['colcon_pkg']
[0.248s] Level 1:colcon.colcon_core.package_identification:_identify(.) by extension 'colcon_pkg'
[0.249s] Level 1:colcon.colcon_core.package_identification:_identify(.) by extensions ['colcon_meta']
[0.249s] Level 1:colcon.colcon_core.package_identification:_identify(.) by extension 'colcon_meta'
[0.249s] Level 1:colcon.colcon_core.package_identification:_identify(.) by extensions ['ros']
[0.249s] Level 1:colcon.colcon_core.package_identification:_identify(.) by extension 'ros'
[0.279s] Level 1:colcon.colcon_core.package_identification:_identify(.) by extensions ['cmake', 'python']
[0.279s] Level 1:colcon.colcon_core.package_identification:_identify(.) by extension 'cmake'
[0.279s] Level 1:colcon.colcon_core.package_identification:_identify(.) by extension 'python'
[0.280s] Level 1:colcon.colcon_core.package_identification:_identify(.) by extensions ['python_setup_py']
[0.280s] Level 1:colcon.colcon_core.package_identification:_identify(.) by extension 'python_setup_py'
[0.282s] Level 1:colcon.colcon_core.package_identification:_identify(build) by extensions ['ignore', 'ignore_ament_install']
[0.282s] Level 1:colcon.colcon_core.package_identification:_identify(build) by extension 'ignore'
[0.283s] Level 1:colcon.colcon_core.package_identification:_identify(build) ignored
[0.284s] Level 1:colcon.colcon_core.package_identification:_identify(install) by extensions ['ignore', 'ignore_ament_install']
[0.285s] Level 1:colcon.colcon_core.package_identification:_identify(install) by extension 'ignore'
[0.286s] Level 1:colcon.colcon_core.package_identification:_identify(install) ignored
[0.288s] Level 1:colcon.colcon_core.package_identification:_identify(log) by extensions ['ignore', 'ignore_ament_install']
[0.288s] Level 1:colcon.colcon_core.package_identification:_identify(log) by extension 'ignore'
[0.289s] Level 1:colcon.colcon_core.package_identification:_identify(log) ignored
[0.291s] Level 1:colcon.colcon_core.package_identification:_identify(src) by extensions ['ignore', 'ignore_ament_install']
[0.291s] Level 1:colcon.colcon_core.package_identification:_identify(src) by extension 'ignore'
[0.291s] Level 1:colcon.colcon_core.package_identification:_identify(src) by extension 'ignore_ament_install'
[0.292s] Level 1:colcon.colcon_core.package_identification:_identify(src) by extensions ['colcon_pkg']
[0.293s] Level 1:colcon.colcon_core.package_identification:_identify(src) by extension 'colcon_pkg'
[0.293s] Level 1:colcon.colcon_core.package_identification:_identify(src) by extensions ['colcon_meta']
[0.293s] Level 1:colcon.colcon_core.package_identification:_identify(src) by extension 'colcon_meta'
[0.294s] Level 1:colcon.colcon_core.package_identification:_identify(src) by extensions ['ros']
[0.294s] Level 1:colcon.colcon_core.package_identification:_identify(src) by extension 'ros'
[0.296s] Level 1:colcon.colcon_core.package_identification:_identify(src) by extensions ['cmake', 'python']
[0.297s] Level 1:colcon.colcon_core.package_identification:_identify(src) by extension 'cmake'
[0.297s] Level 1:colcon.colcon_core.package_identification:_identify(src) by extension 'python'
[0.298s] Level 1:colcon.colcon_core.package_identification:_identify(src) by extensions ['python_setup_py']
[0.298s] Level 1:colcon.colcon_core.package_identification:_identify(src) by extension 'python_setup_py'
[0.301s] Level 1:colcon.colcon_core.package_identification:_identify(src/cpp_samples) by extensions ['ignore', 'ignore_ament_install']
[0.301s] Level 1:colcon.colcon_core.package_identification:_identify(src/cpp_samples) by extension 'ignore'
[0.302s] Level 1:colcon.colcon_core.package_identification:_identify(src/cpp_samples) by extension 'ignore_ament_install'
[0.304s] Level 1:colcon.colcon_core.package_identification:_identify(src/cpp_samples) by extensions ['colcon_pkg']
[0.304s] Level 1:colcon.colcon_core.package_identification:_identify(src/cpp_samples) by extension 'colcon_pkg'
[0.305s] Level 1:colcon.colcon_core.package_identification:_identify(src/cpp_samples) by extensions ['colcon_meta']
[0.305s] Level 1:colcon.colcon_core.package_identification:_identify(src/cpp_samples) by extension 'colcon_meta'
[0.306s] Level 1:colcon.colcon_core.package_identification:_identify(src/cpp_samples) by extensions ['ros']
[0.306s] Level 1:colcon.colcon_core.package_identification:_identify(src/cpp_samples) by extension 'ros'
[0.317s] DEBUG:colcon.colcon_core.package_identification:Package 'src/cpp_samples' with type 'ros.ament_cmake' and name 'cpp_samples'
[0.319s] Level 1:colcon.colcon_core.package_identification:_identify(src/py_samples) by extensions ['ignore', 'ignore_ament_install']
[0.320s] Level 1:colcon.colcon_core.package_identification:_identify(src/py_samples) by extension 'ignore'
[0.320s] Level 1:colcon.colcon_core.package_identification:_identify(src/py_samples) by extension 'ignore_ament_install'
[0.322s] Level 1:colcon.colcon_core.package_identification:_identify(src/py_samples) by extensions ['colcon_pkg']
[0.322s] Level 1:colcon.colcon_core.package_identification:_identify(src/py_samples) by extension 'colcon_pkg'
[0.323s] Level 1:colcon.colcon_core.package_identification:_identify(src/py_samples) by extensions ['colcon_meta']
[0.323s] Level 1:colcon.colcon_core.package_identification:_identify(src/py_samples) by extension 'colcon_meta'
[0.324s] Level 1:colcon.colcon_core.package_identification:_identify(src/py_samples) by extensions ['ros']
[0.325s] Level 1:colcon.colcon_core.package_identification:_identify(src/py_samples) by extension 'ros'
[0.333s] DEBUG:colcon.colcon_core.package_identification:Package 'src/py_samples' with type 'ros.ament_python' and name 'py_samples'
[0.333s] Level 1:colcon.colcon_core.package_discovery:discover_packages(recursive) using defaults
[0.334s] Level 1:colcon.colcon_core.package_discovery:discover_packages(ignore) discover
[0.334s] Level 1:colcon.colcon_core.package_discovery:discover_packages(ignore) using defaults
[0.334s] Level 1:colcon.colcon_core.package_discovery:discover_packages(path) discover
[0.334s] Level 1:colcon.colcon_core.package_discovery:discover_packages(path) using defaults
[0.374s] Level 5:colcon.colcon_core.verb:set package 'cpp_samples' build argument 'cmake_args' from command line to 'None'
[0.374s] Level 5:colcon.colcon_core.verb:set package 'cpp_samples' build argument 'cmake_target' from command line to 'None'
[0.374s] Level 5:colcon.colcon_core.verb:set package 'cpp_samples' build argument 'cmake_target_skip_unavailable' from command line to 'False'
[0.375s] Level 5:colcon.colcon_core.verb:set package 'cpp_samples' build argument 'cmake_clean_cache' from command line to 'False'
[0.375s] Level 5:colcon.colcon_core.verb:set package 'cpp_samples' build argument 'cmake_clean_first' from command line to 'False'
[0.375s] Level 5:colcon.colcon_core.verb:set package 'cpp_samples' build argument 'cmake_force_configure' from command line to 'False'
[0.375s] Level 5:colcon.colcon_core.verb:set package 'cpp_samples' build argument 'ament_cmake_args' from command line to 'None'
[0.375s] Level 5:colcon.colcon_core.verb:set package 'cpp_samples' build argument 'catkin_cmake_args' from command line to 'None'
[0.375s] Level 5:colcon.colcon_core.verb:set package 'cpp_samples' build argument 'catkin_skip_building_tests' from command line to 'False'
[0.375s] DEBUG:colcon.colcon_core.verb:Building package 'cpp_samples' with the following arguments: {'ament_cmake_args': None, 'build_base': '/ROS2_Manipulator/ubot_ws/build/cpp_samples', 'catkin_cmake_args': None, 'catkin_skip_building_tests': False, 'cmake_args': None, 'cmake_clean_cache': False, 'cmake_clean_first': False, 'cmake_force_configure': False, 'cmake_target': None, 'cmake_target_skip_unavailable': False, 'install_base': '/ROS2_Manipulator/ubot_ws/install/cpp_samples', 'merge_install': False, 'path': '/ROS2_Manipulator/ubot_ws/src/cpp_samples', 'symlink_install': False, 'test_result_base': None}
[0.376s] Level 5:colcon.colcon_core.verb:set package 'py_samples' build argument 'cmake_args' from command line to 'None'
[0.376s] Level 5:colcon.colcon_core.verb:set package 'py_samples' build argument 'cmake_target' from command line to 'None'
[0.376s] Level 5:colcon.colcon_core.verb:set package 'py_samples' build argument 'cmake_target_skip_unavailable' from command line to 'False'
[0.376s] Level 5:colcon.colcon_core.verb:set package 'py_samples' build argument 'cmake_clean_cache' from command line to 'False'
[0.376s] Level 5:colcon.colcon_core.verb:set package 'py_samples' build argument 'cmake_clean_first' from command line to 'False'
[0.377s] Level 5:colcon.colcon_core.verb:set package 'py_samples' build argument 'cmake_force_configure' from command line to 'False'
[0.377s] Level 5:colcon.colcon_core.verb:set package 'py_samples' build argument 'ament_cmake_args' from command line to 'None'
[0.377s] Level 5:colcon.colcon_core.verb:set package 'py_samples' build argument 'catkin_cmake_args' from command line to 'None'
[0.377s] Level 5:colcon.colcon_core.verb:set package 'py_samples' build argument 'catkin_skip_building_tests' from command line to 'False'
[0.377s] DEBUG:colcon.colcon_core.verb:Building package 'py_samples' with the following arguments: {'ament_cmake_args': None, 'build_base': '/ROS2_Manipulator/ubot_ws/build/py_samples', 'catkin_cmake_args': None, 'catkin_skip_building_tests': False, 'cmake_args': None, 'cmake_clean_cache': False, 'cmake_clean_first': False, 'cmake_force_configure': False, 'cmake_target': None, 'cmake_target_skip_unavailable': False, 'install_base': '/ROS2_Manipulator/ubot_ws/install/py_samples', 'merge_install': False, 'path': '/ROS2_Manipulator/ubot_ws/src/py_samples', 'symlink_install': False, 'test_result_base': None}
[0.377s] INFO:colcon.colcon_core.executor:Executing jobs using 'parallel' executor
[0.378s] DEBUG:colcon.colcon_parallel_executor.executor.parallel:run_until_complete
[0.378s] INFO:colcon.colcon_ros.task.ament_cmake.build:Building ROS package in '/ROS2_Manipulator/ubot_ws/src/cpp_samples' with build type 'ament_cmake'
[0.379s] INFO:colcon.colcon_cmake.task.cmake.build:Building CMake package in '/ROS2_Manipulator/ubot_ws/src/cpp_samples'
[0.384s] INFO:colcon.colcon_core.plugin_system:Skipping extension 'colcon_core.shell.bat': Not used on non-Windows systems
[0.384s] INFO:colcon.colcon_core.shell:Skip shell extension 'powershell' for command environment: Not usable outside of PowerShell
[0.384s] DEBUG:colcon.colcon_core.shell:Skip shell extension 'dsv' for command environment
[0.428s] INFO:colcon.colcon_ros.task.ament_python.build:Building ROS package in '/ROS2_Manipulator/ubot_ws/src/py_samples' with build type 'ament_python'
[0.428s] Level 1:colcon.colcon_core.shell:create_environment_hook('py_samples', 'ament_prefix_path')
[0.428s] INFO:colcon.colcon_core.shell:Creating environment hook '/ROS2_Manipulator/ubot_ws/install/py_samples/share/py_samples/hook/ament_prefix_path.ps1'
[0.439s] INFO:colcon.colcon_core.shell:Creating environment descriptor '/ROS2_Manipulator/ubot_ws/install/py_samples/share/py_samples/hook/ament_prefix_path.dsv'
[0.450s] INFO:colcon.colcon_core.shell:Creating environment hook '/ROS2_Manipulator/ubot_ws/install/py_samples/share/py_samples/hook/ament_prefix_path.sh'
[0.460s] INFO:colcon.colcon_core.shell:Skip shell extension 'powershell' for command environment: Not usable outside of PowerShell
[0.460s] DEBUG:colcon.colcon_core.shell:Skip shell extension 'dsv' for command environment
[0.533s] DEBUG:colcon.colcon_core.event_handler.log_command:Invoking command in '/ROS2_Manipulator/ubot_ws/build/cpp_samples': CMAKE_PREFIX_PATH=${CMAKE_PREFIX_PATH}:/ROS2_Manipulator/ubot_ws/install/py_samples:/opt/ros/jazzy VIRTUAL_ENV_PROMPT=(env_ros) /usr/bin/cmake --build /ROS2_Manipulator/ubot_ws/build/cpp_samples -- -j24 -l24
[0.935s] INFO:colcon.colcon_core.task.python.build:Building Python package in '/ROS2_Manipulator/ubot_ws/src/py_samples'
[0.935s] INFO:colcon.colcon_core.shell:Skip shell extension 'powershell' for command environment: Not usable outside of PowerShell
[0.936s] DEBUG:colcon.colcon_core.shell:Skip shell extension 'dsv' for command environment
[0.977s] DEBUG:colcon.colcon_core.event_handler.log_command:Invoked command in '/ROS2_Manipulator/ubot_ws/build/cpp_samples' returned '0': CMAKE_PREFIX_PATH=${CMAKE_PREFIX_PATH}:/ROS2_Manipulator/ubot_ws/install/py_samples:/opt/ros/jazzy VIRTUAL_ENV_PROMPT=(env_ros) /usr/bin/cmake --build /ROS2_Manipulator/ubot_ws/build/cpp_samples -- -j24 -l24
[1.028s] DEBUG:colcon.colcon_core.event_handler.log_command:Invoking command in '/ROS2_Manipulator/ubot_ws/build/cpp_samples': CMAKE_PREFIX_PATH=${CMAKE_PREFIX_PATH}:/ROS2_Manipulator/ubot_ws/install/py_samples:/opt/ros/jazzy VIRTUAL_ENV_PROMPT=(env_ros) /usr/bin/cmake --install /ROS2_Manipulator/ubot_ws/build/cpp_samples
[1.314s] Level 1:colcon.colcon_core.environment:create_environment_scripts_only(cpp_samples)
[1.315s] DEBUG:colcon.colcon_core.event_handler.log_command:Invoked command in '/ROS2_Manipulator/ubot_ws/build/cpp_samples' returned '0': CMAKE_PREFIX_PATH=${CMAKE_PREFIX_PATH}:/ROS2_Manipulator/ubot_ws/install/py_samples:/opt/ros/jazzy VIRTUAL_ENV_PROMPT=(env_ros) /usr/bin/cmake --install /ROS2_Manipulator/ubot_ws/build/cpp_samples
[1.320s] Level 1:colcon.colcon_core.environment:checking '/ROS2_Manipulator/ubot_ws/install/cpp_samples' for CMake module files
[1.373s] Level 1:colcon.colcon_core.environment:checking '/ROS2_Manipulator/ubot_ws/install/cpp_samples' for CMake config files
[1.419s] Level 1:colcon.colcon_core.shell:create_environment_hook('cpp_samples', 'cmake_prefix_path')
[1.419s] INFO:colcon.colcon_core.shell:Creating environment hook '/ROS2_Manipulator/ubot_ws/install/cpp_samples/share/cpp_samples/hook/cmake_prefix_path.ps1'
[1.429s] INFO:colcon.colcon_core.shell:Creating environment descriptor '/ROS2_Manipulator/ubot_ws/install/cpp_samples/share/cpp_samples/hook/cmake_prefix_path.dsv'
[1.438s] INFO:colcon.colcon_core.shell:Creating environment hook '/ROS2_Manipulator/ubot_ws/install/cpp_samples/share/cpp_samples/hook/cmake_prefix_path.sh'
[1.450s] Level 1:colcon.colcon_core.environment:checking '/ROS2_Manipulator/ubot_ws/install/cpp_samples/bin'
[1.451s] Level 1:colcon.colcon_core.environment:checking '/ROS2_Manipulator/ubot_ws/install/cpp_samples/lib/pkgconfig/cpp_samples.pc'
[1.452s] Level 1:colcon.colcon_core.environment:checking '/ROS2_Manipulator/ubot_ws/install/cpp_samples/lib/python3.12/site-packages'
[1.453s] Level 1:colcon.colcon_core.environment:checking '/ROS2_Manipulator/ubot_ws/install/cpp_samples/bin'
[1.454s] INFO:colcon.colcon_core.shell:Creating package script '/ROS2_Manipulator/ubot_ws/install/cpp_samples/share/cpp_samples/package.ps1'
[1.463s] INFO:colcon.colcon_core.shell:Creating package descriptor '/ROS2_Manipulator/ubot_ws/install/cpp_samples/share/cpp_samples/package.dsv'
[1.473s] INFO:colcon.colcon_core.shell:Creating package script '/ROS2_Manipulator/ubot_ws/install/cpp_samples/share/cpp_samples/package.sh'
[1.482s] INFO:colcon.colcon_core.shell:Creating package script '/ROS2_Manipulator/ubot_ws/install/cpp_samples/share/cpp_samples/package.bash'
[1.491s] INFO:colcon.colcon_core.shell:Creating package script '/ROS2_Manipulator/ubot_ws/install/cpp_samples/share/cpp_samples/package.zsh'
[1.501s] Level 1:colcon.colcon_core.environment:create_file_with_runtime_dependencies(/ROS2_Manipulator/ubot_ws/install/cpp_samples/share/colcon-core/packages/cpp_samples)
[1.542s] Level 1:colcon.colcon_core.environment:create_environment_scripts_only(cpp_samples)
[1.542s] Level 1:colcon.colcon_core.environment:checking '/ROS2_Manipulator/ubot_ws/install/cpp_samples' for CMake module files
[1.594s] Level 1:colcon.colcon_core.environment:checking '/ROS2_Manipulator/ubot_ws/install/cpp_samples' for CMake config files
[1.638s] Level 1:colcon.colcon_core.shell:create_environment_hook('cpp_samples', 'cmake_prefix_path')
[1.638s] INFO:colcon.colcon_core.shell:Creating environment hook '/ROS2_Manipulator/ubot_ws/install/cpp_samples/share/cpp_samples/hook/cmake_prefix_path.ps1'
[1.648s] INFO:colcon.colcon_core.shell:Creating environment descriptor '/ROS2_Manipulator/ubot_ws/install/cpp_samples/share/cpp_samples/hook/cmake_prefix_path.dsv'
[1.658s] INFO:colcon.colcon_core.shell:Creating environment hook '/ROS2_Manipulator/ubot_ws/install/cpp_samples/share/cpp_samples/hook/cmake_prefix_path.sh'
[1.670s] Level 1:colcon.colcon_core.environment:checking '/ROS2_Manipulator/ubot_ws/install/cpp_samples/bin'
[1.671s] Level 1:colcon.colcon_core.environment:checking '/ROS2_Manipulator/ubot_ws/install/cpp_samples/lib/pkgconfig/cpp_samples.pc'
[1.673s] Level 1:colcon.colcon_core.environment:checking '/ROS2_Manipulator/ubot_ws/install/cpp_samples/lib/python3.12/site-packages'
[1.674s] Level 1:colcon.colcon_core.environment:checking '/ROS2_Manipulator/ubot_ws/install/cpp_samples/bin'
[1.675s] INFO:colcon.colcon_core.shell:Creating package script '/ROS2_Manipulator/ubot_ws/install/cpp_samples/share/cpp_samples/package.ps1'
[1.684s] INFO:colcon.colcon_core.shell:Creating package descriptor '/ROS2_Manipulator/ubot_ws/install/cpp_samples/share/cpp_samples/package.dsv'
[1.693s] INFO:colcon.colcon_core.shell:Creating package script '/ROS2_Manipulator/ubot_ws/install/cpp_samples/share/cpp_samples/package.sh'
[1.702s] INFO:colcon.colcon_core.shell:Creating package script '/ROS2_Manipulator/ubot_ws/install/cpp_samples/share/cpp_samples/package.bash'
[1.710s] INFO:colcon.colcon_core.shell:Creating package script '/ROS2_Manipulator/ubot_ws/install/cpp_samples/share/cpp_samples/package.zsh'
[1.718s] Level 1:colcon.colcon_core.environment:create_file_with_runtime_dependencies(/ROS2_Manipulator/ubot_ws/install/cpp_samples/share/colcon-core/packages/cpp_samples)
[2.067s] DEBUG:colcon.colcon_core.event_handler.log_command:Invoking command in '/ROS2_Manipulator/ubot_ws/src/py_samples': PYTHONPATH=/ROS2_Manipulator/ubot_ws/build/py_samples/prefix_override:/usr/lib/python3/dist-packages/colcon_core/task/python/colcon_distutils_commands:/ROS2_Manipulator/ubot_ws/install/py_samples/lib/python3.12/site-packages:${PYTHONPATH} VIRTUAL_ENV_PROMPT=(env_ros) /usr/bin/python3 -W ignore:setup.py install is deprecated setup.py egg_info --egg-base ../../build/py_samples build --build-base /ROS2_Manipulator/ubot_ws/build/py_samples/build install --record /ROS2_Manipulator/ubot_ws/build/py_samples/install.log --single-version-externally-managed install_data
[3.509s] Level 1:colcon.colcon_core.environment:checking '/ROS2_Manipulator/ubot_ws/install/py_samples' for CMake module files
[3.510s] DEBUG:colcon.colcon_core.event_handler.log_command:Invoked command in '/ROS2_Manipulator/ubot_ws/src/py_samples' returned '0': PYTHONPATH=/ROS2_Manipulator/ubot_ws/build/py_samples/prefix_override:/usr/lib/python3/dist-packages/colcon_core/task/python/colcon_distutils_commands:/ROS2_Manipulator/ubot_ws/install/py_samples/lib/python3.12/site-packages:${PYTHONPATH} VIRTUAL_ENV_PROMPT=(env_ros) /usr/bin/python3 -W ignore:setup.py install is deprecated setup.py egg_info --egg-base ../../build/py_samples build --build-base /ROS2_Manipulator/ubot_ws/build/py_samples/build install --record /ROS2_Manipulator/ubot_ws/build/py_samples/install.log --single-version-externally-managed install_data
[3.545s] Level 1:colcon.colcon_core.environment:checking '/ROS2_Manipulator/ubot_ws/install/py_samples' for CMake config files
[3.607s] Level 1:colcon.colcon_core.environment:checking '/ROS2_Manipulator/ubot_ws/install/py_samples/lib'
[3.610s] Level 1:colcon.colcon_core.environment:checking '/ROS2_Manipulator/ubot_ws/install/py_samples/bin'
[3.611s] Level 1:colcon.colcon_core.environment:checking '/ROS2_Manipulator/ubot_ws/install/py_samples/lib/pkgconfig/py_samples.pc'
[3.613s] Level 1:colcon.colcon_core.environment:checking '/ROS2_Manipulator/ubot_ws/install/py_samples/lib/python3.12/site-packages'
[3.615s] Level 1:colcon.colcon_core.shell:create_environment_hook('py_samples', 'pythonpath')
[3.615s] INFO:colcon.colcon_core.shell:Creating environment hook '/ROS2_Manipulator/ubot_ws/install/py_samples/share/py_samples/hook/pythonpath.ps1'
[3.624s] INFO:colcon.colcon_core.shell:Creating environment descriptor '/ROS2_Manipulator/ubot_ws/install/py_samples/share/py_samples/hook/pythonpath.dsv'
[3.633s] INFO:colcon.colcon_core.shell:Creating environment hook '/ROS2_Manipulator/ubot_ws/install/py_samples/share/py_samples/hook/pythonpath.sh'
[3.643s] Level 1:colcon.colcon_core.environment:checking '/ROS2_Manipulator/ubot_ws/install/py_samples/bin'
[3.644s] Level 1:colcon.colcon_core.environment:create_environment_scripts_only(py_samples)
[3.644s] INFO:colcon.colcon_core.shell:Creating package script '/ROS2_Manipulator/ubot_ws/install/py_samples/share/py_samples/package.ps1'
[3.652s] INFO:colcon.colcon_core.shell:Creating package descriptor '/ROS2_Manipulator/ubot_ws/install/py_samples/share/py_samples/package.dsv'
[3.660s] INFO:colcon.colcon_core.shell:Creating package script '/ROS2_Manipulator/ubot_ws/install/py_samples/share/py_samples/package.sh'
[3.668s] INFO:colcon.colcon_core.shell:Creating package script '/ROS2_Manipulator/ubot_ws/install/py_samples/share/py_samples/package.bash'
[3.676s] INFO:colcon.colcon_core.shell:Creating package script '/ROS2_Manipulator/ubot_ws/install/py_samples/share/py_samples/package.zsh'
[3.684s] Level 1:colcon.colcon_core.environment:create_file_with_runtime_dependencies(/ROS2_Manipulator/ubot_ws/install/py_samples/share/colcon-core/packages/py_samples)
[3.691s] DEBUG:colcon.colcon_parallel_executor.executor.parallel:closing loop
[3.691s] DEBUG:colcon.colcon_parallel_executor.executor.parallel:loop closed
[3.691s] DEBUG:colcon.colcon_parallel_executor.executor.parallel:run_until_complete finished with '0'
[3.692s] DEBUG:colcon.colcon_core.event_reactor:joining thread
[3.711s] INFO:colcon.colcon_core.plugin_system:Skipping extension 'colcon_notification.desktop_notification.notify_send': Could not find 'notify-send'
[3.712s] INFO:colcon.colcon_core.plugin_system:Skipping extension 'colcon_notification.desktop_notification.terminal_notifier': Not used on non-Darwin systems
[3.712s] INFO:colcon.colcon_core.plugin_system:Skipping extension 'colcon_notification.desktop_notification.win32': Not used on non-Windows systems
[3.712s] INFO:colcon.colcon_notification.desktop_notification:Sending desktop notification using 'notify2'
[3.714s] DEBUG:colcon.colcon_notification.desktop_notification.notify2:Failed to initialize notify2: org.freedesktop.DBus.Error.Spawn.ExecFailed: /usr/bin/dbus-launch terminated abnormally without any error message
[3.715s] DEBUG:colcon.colcon_core.event_reactor:joined thread
[3.715s] INFO:colcon.colcon_core.shell:Creating prefix script '/ROS2_Manipulator/ubot_ws/install/local_setup.ps1'
[3.719s] INFO:colcon.colcon_core.shell:Creating prefix util module '/ROS2_Manipulator/ubot_ws/install/_local_setup_util_ps1.py'
[3.723s] INFO:colcon.colcon_core.shell:Creating prefix chain script '/ROS2_Manipulator/ubot_ws/install/setup.ps1'
[3.738s] INFO:colcon.colcon_core.shell:Creating prefix script '/ROS2_Manipulator/ubot_ws/install/local_setup.sh'
[3.742s] INFO:colcon.colcon_core.shell:Creating prefix util module '/ROS2_Manipulator/ubot_ws/install/_local_setup_util_sh.py'
[3.745s] INFO:colcon.colcon_core.shell:Creating prefix chain script '/ROS2_Manipulator/ubot_ws/install/setup.sh'
[3.760s] INFO:colcon.colcon_core.shell:Creating prefix script '/ROS2_Manipulator/ubot_ws/install/local_setup.bash'
[3.763s] INFO:colcon.colcon_core.shell:Creating prefix chain script '/ROS2_Manipulator/ubot_ws/install/setup.bash'
[3.779s] INFO:colcon.colcon_core.shell:Creating prefix script '/ROS2_Manipulator/ubot_ws/install/local_setup.zsh'
[3.782s] INFO:colcon.colcon_core.shell:Creating prefix chain script '/ROS2_Manipulator/ubot_ws/install/setup.zsh'
