[0.190s] DEBUG:colcon:Command line arguments: ['/usr/bin/colcon', 'build']
[0.190s] DEBUG:colcon:Parsed command line arguments: Namespace(log_base=None, log_level=None, verb_name='build', build_base='build', install_base='install', merge_install=False, symlink_install=False, test_result_base=None, continue_on_error=False, executor='parallel', parallel_workers=24, event_handlers=None, ignore_user_meta=False, metas=['./colcon.meta'], base_paths=['.'], packages_ignore=None, packages_ignore_regex=None, paths=None, packages_up_to=None, packages_up_to_regex=None, packages_above=None, packages_above_and_dependencies=None, packages_above_depth=None, packages_select_by_dep=None, packages_skip_by_dep=None, packages_skip_up_to=None, packages_select_build_failed=False, packages_skip_build_finished=False, packages_select_test_failures=False, packages_skip_test_passed=False, packages_select=None, packages_skip=None, packages_select_regex=None, packages_skip_regex=None, packages_start=None, packages_end=None, cmake_args=None, cmake_target=None, cmake_target_skip_unavailable=False, cmake_clean_cache=False, cmake_clean_first=False, cmake_force_configure=False, ament_cmake_args=None, catkin_cmake_args=None, catkin_skip_building_tests=False, mixin_files=None, mixin=None, verb_parser=<colcon_mixin.mixin.mixin_argument.MixinArgumentDecorator object at 0x7fc5b04a14f0>, verb_extension=<colcon_core.verb.build.BuildVerb object at 0x7fc5b061f890>, main=<bound method BuildVerb.main of <colcon_core.verb.build.BuildVerb object at 0x7fc5b061f890>>, mixin_verb=('build',))
[0.244s] Level 1:colcon.colcon_core.package_discovery:discover_packages(colcon_meta) check parameters
[0.244s] Level 1:colcon.colcon_core.package_discovery:discover_packages(recursive) check parameters
[0.244s] Level 1:colcon.colcon_core.package_discovery:discover_packages(ignore) check parameters
[0.244s] Level 1:colcon.colcon_core.package_discovery:discover_packages(path) check parameters
[0.245s] Level 1:colcon.colcon_core.package_discovery:discover_packages(colcon_meta) discover
[0.245s] Level 1:colcon.colcon_core.package_discovery:discover_packages(recursive) discover
[0.245s] INFO:colcon.colcon_core.package_discovery:Crawling recursively for packages in '/ROS2_Manipulator/ubot_ws'
[0.246s] Level 1:colcon.colcon_core.package_identification:_identify(.) by extensions ['ignore', 'ignore_ament_install']
[0.246s] Level 1:colcon.colcon_core.package_identification:_identify(.) by extension 'ignore'
[0.246s] Level 1:colcon.colcon_core.package_identification:_identify(.) by extension 'ignore_ament_install'
[0.247s] Level 1:colcon.colcon_core.package_identification:_identify(.) by extensions ['colcon_pkg']
[0.247s] Level 1:colcon.colcon_core.package_identification:_identify(.) by extension 'colcon_pkg'
[0.247s] Level 1:colcon.colcon_core.package_identification:_identify(.) by extensions ['colcon_meta']
[0.247s] Level 1:colcon.colcon_core.package_identification:_identify(.) by extension 'colcon_meta'
[0.248s] Level 1:colcon.colcon_core.package_identification:_identify(.) by extensions ['ros']
[0.248s] Level 1:colcon.colcon_core.package_identification:_identify(.) by extension 'ros'
[0.277s] Level 1:colcon.colcon_core.package_identification:_identify(.) by extensions ['cmake', 'python']
[0.277s] Level 1:colcon.colcon_core.package_identification:_identify(.) by extension 'cmake'
[0.277s] Level 1:colcon.colcon_core.package_identification:_identify(.) by extension 'python'
[0.278s] Level 1:colcon.colcon_core.package_identification:_identify(.) by extensions ['python_setup_py']
[0.278s] Level 1:colcon.colcon_core.package_identification:_identify(.) by extension 'python_setup_py'
[0.280s] Level 1:colcon.colcon_core.package_identification:_identify(build) by extensions ['ignore', 'ignore_ament_install']
[0.280s] Level 1:colcon.colcon_core.package_identification:_identify(build) by extension 'ignore'
[0.281s] Level 1:colcon.colcon_core.package_identification:_identify(build) ignored
[0.283s] Level 1:colcon.colcon_core.package_identification:_identify(install) by extensions ['ignore', 'ignore_ament_install']
[0.283s] Level 1:colcon.colcon_core.package_identification:_identify(install) by extension 'ignore'
[0.284s] Level 1:colcon.colcon_core.package_identification:_identify(install) ignored
[0.286s] Level 1:colcon.colcon_core.package_identification:_identify(log) by extensions ['ignore', 'ignore_ament_install']
[0.287s] Level 1:colcon.colcon_core.package_identification:_identify(log) by extension 'ignore'
[0.287s] Level 1:colcon.colcon_core.package_identification:_identify(log) ignored
[0.289s] Level 1:colcon.colcon_core.package_identification:_identify(src) by extensions ['ignore', 'ignore_ament_install']
[0.289s] Level 1:colcon.colcon_core.package_identification:_identify(src) by extension 'ignore'
[0.290s] Level 1:colcon.colcon_core.package_identification:_identify(src) by extension 'ignore_ament_install'
[0.291s] Level 1:colcon.colcon_core.package_identification:_identify(src) by extensions ['colcon_pkg']
[0.291s] Level 1:colcon.colcon_core.package_identification:_identify(src) by extension 'colcon_pkg'
[0.291s] Level 1:colcon.colcon_core.package_identification:_identify(src) by extensions ['colcon_meta']
[0.292s] Level 1:colcon.colcon_core.package_identification:_identify(src) by extension 'colcon_meta'
[0.292s] Level 1:colcon.colcon_core.package_identification:_identify(src) by extensions ['ros']
[0.292s] Level 1:colcon.colcon_core.package_identification:_identify(src) by extension 'ros'
[0.295s] Level 1:colcon.colcon_core.package_identification:_identify(src) by extensions ['cmake', 'python']
[0.295s] Level 1:colcon.colcon_core.package_identification:_identify(src) by extension 'cmake'
[0.295s] Level 1:colcon.colcon_core.package_identification:_identify(src) by extension 'python'
[0.296s] Level 1:colcon.colcon_core.package_identification:_identify(src) by extensions ['python_setup_py']
[0.296s] Level 1:colcon.colcon_core.package_identification:_identify(src) by extension 'python_setup_py'
[0.299s] Level 1:colcon.colcon_core.package_identification:_identify(src/cpp_samples) by extensions ['ignore', 'ignore_ament_install']
[0.299s] Level 1:colcon.colcon_core.package_identification:_identify(src/cpp_samples) by extension 'ignore'
[0.300s] Level 1:colcon.colcon_core.package_identification:_identify(src/cpp_samples) by extension 'ignore_ament_install'
[0.302s] Level 1:colcon.colcon_core.package_identification:_identify(src/cpp_samples) by extensions ['colcon_pkg']
[0.302s] Level 1:colcon.colcon_core.package_identification:_identify(src/cpp_samples) by extension 'colcon_pkg'
[0.303s] Level 1:colcon.colcon_core.package_identification:_identify(src/cpp_samples) by extensions ['colcon_meta']
[0.303s] Level 1:colcon.colcon_core.package_identification:_identify(src/cpp_samples) by extension 'colcon_meta'
[0.304s] Level 1:colcon.colcon_core.package_identification:_identify(src/cpp_samples) by extensions ['ros']
[0.304s] Level 1:colcon.colcon_core.package_identification:_identify(src/cpp_samples) by extension 'ros'
[0.314s] DEBUG:colcon.colcon_core.package_identification:Package 'src/cpp_samples' with type 'ros.ament_cmake' and name 'cpp_samples'
[0.317s] Level 1:colcon.colcon_core.package_identification:_identify(src/py_samples) by extensions ['ignore', 'ignore_ament_install']
[0.317s] Level 1:colcon.colcon_core.package_identification:_identify(src/py_samples) by extension 'ignore'
[0.318s] Level 1:colcon.colcon_core.package_identification:_identify(src/py_samples) by extension 'ignore_ament_install'
[0.320s] Level 1:colcon.colcon_core.package_identification:_identify(src/py_samples) by extensions ['colcon_pkg']
[0.320s] Level 1:colcon.colcon_core.package_identification:_identify(src/py_samples) by extension 'colcon_pkg'
[0.321s] Level 1:colcon.colcon_core.package_identification:_identify(src/py_samples) by extensions ['colcon_meta']
[0.321s] Level 1:colcon.colcon_core.package_identification:_identify(src/py_samples) by extension 'colcon_meta'
[0.323s] Level 1:colcon.colcon_core.package_identification:_identify(src/py_samples) by extensions ['ros']
[0.323s] Level 1:colcon.colcon_core.package_identification:_identify(src/py_samples) by extension 'ros'
[0.332s] DEBUG:colcon.colcon_core.package_identification:Package 'src/py_samples' with type 'ros.ament_python' and name 'py_samples'
[0.332s] Level 1:colcon.colcon_core.package_discovery:discover_packages(recursive) using defaults
[0.332s] Level 1:colcon.colcon_core.package_discovery:discover_packages(ignore) discover
[0.333s] Level 1:colcon.colcon_core.package_discovery:discover_packages(ignore) using defaults
[0.333s] Level 1:colcon.colcon_core.package_discovery:discover_packages(path) discover
[0.333s] Level 1:colcon.colcon_core.package_discovery:discover_packages(path) using defaults
[0.372s] Level 5:colcon.colcon_core.verb:set package 'cpp_samples' build argument 'cmake_args' from command line to 'None'
[0.372s] Level 5:colcon.colcon_core.verb:set package 'cpp_samples' build argument 'cmake_target' from command line to 'None'
[0.372s] Level 5:colcon.colcon_core.verb:set package 'cpp_samples' build argument 'cmake_target_skip_unavailable' from command line to 'False'
[0.373s] Level 5:colcon.colcon_core.verb:set package 'cpp_samples' build argument 'cmake_clean_cache' from command line to 'False'
[0.373s] Level 5:colcon.colcon_core.verb:set package 'cpp_samples' build argument 'cmake_clean_first' from command line to 'False'
[0.373s] Level 5:colcon.colcon_core.verb:set package 'cpp_samples' build argument 'cmake_force_configure' from command line to 'False'
[0.373s] Level 5:colcon.colcon_core.verb:set package 'cpp_samples' build argument 'ament_cmake_args' from command line to 'None'
[0.373s] Level 5:colcon.colcon_core.verb:set package 'cpp_samples' build argument 'catkin_cmake_args' from command line to 'None'
[0.373s] Level 5:colcon.colcon_core.verb:set package 'cpp_samples' build argument 'catkin_skip_building_tests' from command line to 'False'
[0.374s] DEBUG:colcon.colcon_core.verb:Building package 'cpp_samples' with the following arguments: {'ament_cmake_args': None, 'build_base': '/ROS2_Manipulator/ubot_ws/build/cpp_samples', 'catkin_cmake_args': None, 'catkin_skip_building_tests': False, 'cmake_args': None, 'cmake_clean_cache': False, 'cmake_clean_first': False, 'cmake_force_configure': False, 'cmake_target': None, 'cmake_target_skip_unavailable': False, 'install_base': '/ROS2_Manipulator/ubot_ws/install/cpp_samples', 'merge_install': False, 'path': '/ROS2_Manipulator/ubot_ws/src/cpp_samples', 'symlink_install': False, 'test_result_base': None}
[0.374s] Level 5:colcon.colcon_core.verb:set package 'py_samples' build argument 'cmake_args' from command line to 'None'
[0.374s] Level 5:colcon.colcon_core.verb:set package 'py_samples' build argument 'cmake_target' from command line to 'None'
[0.374s] Level 5:colcon.colcon_core.verb:set package 'py_samples' build argument 'cmake_target_skip_unavailable' from command line to 'False'
[0.374s] Level 5:colcon.colcon_core.verb:set package 'py_samples' build argument 'cmake_clean_cache' from command line to 'False'
[0.374s] Level 5:colcon.colcon_core.verb:set package 'py_samples' build argument 'cmake_clean_first' from command line to 'False'
[0.375s] Level 5:colcon.colcon_core.verb:set package 'py_samples' build argument 'cmake_force_configure' from command line to 'False'
[0.375s] Level 5:colcon.colcon_core.verb:set package 'py_samples' build argument 'ament_cmake_args' from command line to 'None'
[0.375s] Level 5:colcon.colcon_core.verb:set package 'py_samples' build argument 'catkin_cmake_args' from command line to 'None'
[0.375s] Level 5:colcon.colcon_core.verb:set package 'py_samples' build argument 'catkin_skip_building_tests' from command line to 'False'
[0.375s] DEBUG:colcon.colcon_core.verb:Building package 'py_samples' with the following arguments: {'ament_cmake_args': None, 'build_base': '/ROS2_Manipulator/ubot_ws/build/py_samples', 'catkin_cmake_args': None, 'catkin_skip_building_tests': False, 'cmake_args': None, 'cmake_clean_cache': False, 'cmake_clean_first': False, 'cmake_force_configure': False, 'cmake_target': None, 'cmake_target_skip_unavailable': False, 'install_base': '/ROS2_Manipulator/ubot_ws/install/py_samples', 'merge_install': False, 'path': '/ROS2_Manipulator/ubot_ws/src/py_samples', 'symlink_install': False, 'test_result_base': None}
[0.375s] INFO:colcon.colcon_core.executor:Executing jobs using 'parallel' executor
[0.376s] DEBUG:colcon.colcon_parallel_executor.executor.parallel:run_until_complete
[0.376s] INFO:colcon.colcon_ros.task.ament_cmake.build:Building ROS package in '/ROS2_Manipulator/ubot_ws/src/cpp_samples' with build type 'ament_cmake'
[0.377s] INFO:colcon.colcon_cmake.task.cmake.build:Building CMake package in '/ROS2_Manipulator/ubot_ws/src/cpp_samples'
[0.383s] INFO:colcon.colcon_core.plugin_system:Skipping extension 'colcon_core.shell.bat': Not used on non-Windows systems
[0.383s] INFO:colcon.colcon_core.shell:Skip shell extension 'powershell' for command environment: Not usable outside of PowerShell
[0.383s] DEBUG:colcon.colcon_core.shell:Skip shell extension 'dsv' for command environment
[0.426s] INFO:colcon.colcon_ros.task.ament_python.build:Building ROS package in '/ROS2_Manipulator/ubot_ws/src/py_samples' with build type 'ament_python'
[0.426s] Level 1:colcon.colcon_core.shell:create_environment_hook('py_samples', 'ament_prefix_path')
[0.427s] INFO:colcon.colcon_core.shell:Creating environment hook '/ROS2_Manipulator/ubot_ws/install/py_samples/share/py_samples/hook/ament_prefix_path.ps1'
[0.437s] INFO:colcon.colcon_core.shell:Creating environment descriptor '/ROS2_Manipulator/ubot_ws/install/py_samples/share/py_samples/hook/ament_prefix_path.dsv'
[0.449s] INFO:colcon.colcon_core.shell:Creating environment hook '/ROS2_Manipulator/ubot_ws/install/py_samples/share/py_samples/hook/ament_prefix_path.sh'
[0.459s] INFO:colcon.colcon_core.shell:Skip shell extension 'powershell' for command environment: Not usable outside of PowerShell
[0.459s] DEBUG:colcon.colcon_core.shell:Skip shell extension 'dsv' for command environment
[0.531s] DEBUG:colcon.colcon_core.event_handler.log_command:Invoking command in '/ROS2_Manipulator/ubot_ws/build/cpp_samples': CMAKE_PREFIX_PATH=${CMAKE_PREFIX_PATH}:/ROS2_Manipulator/ubot_ws/install/py_samples:/opt/ros/jazzy /usr/bin/cmake --build /ROS2_Manipulator/ubot_ws/build/cpp_samples -- -j24 -l24
[0.976s] INFO:colcon.colcon_core.task.python.build:Building Python package in '/ROS2_Manipulator/ubot_ws/src/py_samples'
[0.976s] INFO:colcon.colcon_core.shell:Skip shell extension 'powershell' for command environment: Not usable outside of PowerShell
[0.976s] DEBUG:colcon.colcon_core.shell:Skip shell extension 'dsv' for command environment
[2.066s] DEBUG:colcon.colcon_core.event_handler.log_command:Invoking command in '/ROS2_Manipulator/ubot_ws/src/py_samples': PYTHONPATH=/ROS2_Manipulator/ubot_ws/build/py_samples/prefix_override:/usr/lib/python3/dist-packages/colcon_core/task/python/colcon_distutils_commands:/ROS2_Manipulator/ubot_ws/install/py_samples/lib/python3.12/site-packages:${PYTHONPATH} /usr/bin/python3 -W ignore:setup.py install is deprecated setup.py egg_info --egg-base ../../build/py_samples build --build-base /ROS2_Manipulator/ubot_ws/build/py_samples/build install --record /ROS2_Manipulator/ubot_ws/build/py_samples/install.log --single-version-externally-managed install_data
[3.432s] DEBUG:colcon.colcon_core.event_handler.log_command:Invoked command in '/ROS2_Manipulator/ubot_ws/src/py_samples' returned '0': PYTHONPATH=/ROS2_Manipulator/ubot_ws/build/py_samples/prefix_override:/usr/lib/python3/dist-packages/colcon_core/task/python/colcon_distutils_commands:/ROS2_Manipulator/ubot_ws/install/py_samples/lib/python3.12/site-packages:${PYTHONPATH} /usr/bin/python3 -W ignore:setup.py install is deprecated setup.py egg_info --egg-base ../../build/py_samples build --build-base /ROS2_Manipulator/ubot_ws/build/py_samples/build install --record /ROS2_Manipulator/ubot_ws/build/py_samples/install.log --single-version-externally-managed install_data
[3.436s] Level 1:colcon.colcon_core.environment:checking '/ROS2_Manipulator/ubot_ws/install/py_samples' for CMake module files
[3.471s] Level 1:colcon.colcon_core.environment:checking '/ROS2_Manipulator/ubot_ws/install/py_samples' for CMake config files
[3.530s] Level 1:colcon.colcon_core.environment:checking '/ROS2_Manipulator/ubot_ws/install/py_samples/lib'
[3.533s] Level 1:colcon.colcon_core.environment:checking '/ROS2_Manipulator/ubot_ws/install/py_samples/bin'
[3.534s] Level 1:colcon.colcon_core.environment:checking '/ROS2_Manipulator/ubot_ws/install/py_samples/lib/pkgconfig/py_samples.pc'
[3.535s] Level 1:colcon.colcon_core.environment:checking '/ROS2_Manipulator/ubot_ws/install/py_samples/lib/python3.12/site-packages'
[3.537s] Level 1:colcon.colcon_core.shell:create_environment_hook('py_samples', 'pythonpath')
[3.537s] INFO:colcon.colcon_core.shell:Creating environment hook '/ROS2_Manipulator/ubot_ws/install/py_samples/share/py_samples/hook/pythonpath.ps1'
[3.546s] INFO:colcon.colcon_core.shell:Creating environment descriptor '/ROS2_Manipulator/ubot_ws/install/py_samples/share/py_samples/hook/pythonpath.dsv'
[3.556s] INFO:colcon.colcon_core.shell:Creating environment hook '/ROS2_Manipulator/ubot_ws/install/py_samples/share/py_samples/hook/pythonpath.sh'
[3.566s] Level 1:colcon.colcon_core.environment:checking '/ROS2_Manipulator/ubot_ws/install/py_samples/bin'
[3.567s] Level 1:colcon.colcon_core.environment:create_environment_scripts_only(py_samples)
[3.567s] INFO:colcon.colcon_core.shell:Creating package script '/ROS2_Manipulator/ubot_ws/install/py_samples/share/py_samples/package.ps1'
[3.576s] INFO:colcon.colcon_core.shell:Creating package descriptor '/ROS2_Manipulator/ubot_ws/install/py_samples/share/py_samples/package.dsv'
[3.584s] INFO:colcon.colcon_core.shell:Creating package script '/ROS2_Manipulator/ubot_ws/install/py_samples/share/py_samples/package.sh'
[3.592s] INFO:colcon.colcon_core.shell:Creating package script '/ROS2_Manipulator/ubot_ws/install/py_samples/share/py_samples/package.bash'
[3.602s] INFO:colcon.colcon_core.shell:Creating package script '/ROS2_Manipulator/ubot_ws/install/py_samples/share/py_samples/package.zsh'
[3.611s] Level 1:colcon.colcon_core.environment:create_file_with_runtime_dependencies(/ROS2_Manipulator/ubot_ws/install/py_samples/share/colcon-core/packages/py_samples)
[5.130s] DEBUG:colcon.colcon_core.event_handler.log_command:Invoked command in '/ROS2_Manipulator/ubot_ws/build/cpp_samples' returned '2': CMAKE_PREFIX_PATH=${CMAKE_PREFIX_PATH}:/ROS2_Manipulator/ubot_ws/install/py_samples:/opt/ros/jazzy /usr/bin/cmake --build /ROS2_Manipulator/ubot_ws/build/cpp_samples -- -j24 -l24
[5.172s] Level 1:colcon.colcon_core.environment:create_environment_scripts_only(cpp_samples)
[5.172s] Level 1:colcon.colcon_core.environment:checking '/ROS2_Manipulator/ubot_ws/install/cpp_samples' for CMake module files
[5.231s] Level 1:colcon.colcon_core.environment:checking '/ROS2_Manipulator/ubot_ws/install/cpp_samples' for CMake config files
[5.282s] Level 1:colcon.colcon_core.shell:create_environment_hook('cpp_samples', 'cmake_prefix_path')
[5.282s] INFO:colcon.colcon_core.shell:Creating environment hook '/ROS2_Manipulator/ubot_ws/install/cpp_samples/share/cpp_samples/hook/cmake_prefix_path.ps1'
[5.295s] INFO:colcon.colcon_core.shell:Creating environment descriptor '/ROS2_Manipulator/ubot_ws/install/cpp_samples/share/cpp_samples/hook/cmake_prefix_path.dsv'
[5.307s] INFO:colcon.colcon_core.shell:Creating environment hook '/ROS2_Manipulator/ubot_ws/install/cpp_samples/share/cpp_samples/hook/cmake_prefix_path.sh'
[5.320s] Level 1:colcon.colcon_core.environment:checking '/ROS2_Manipulator/ubot_ws/install/cpp_samples/lib'
[5.323s] Level 1:colcon.colcon_core.environment:checking '/ROS2_Manipulator/ubot_ws/install/cpp_samples/bin'
[5.324s] Level 1:colcon.colcon_core.environment:checking '/ROS2_Manipulator/ubot_ws/install/cpp_samples/lib/pkgconfig/cpp_samples.pc'
[5.325s] Level 1:colcon.colcon_core.environment:checking '/ROS2_Manipulator/ubot_ws/install/cpp_samples/lib/python3.12/site-packages'
[5.327s] Level 1:colcon.colcon_core.environment:checking '/ROS2_Manipulator/ubot_ws/install/cpp_samples/bin'
[5.328s] INFO:colcon.colcon_core.shell:Creating package script '/ROS2_Manipulator/ubot_ws/install/cpp_samples/share/cpp_samples/package.ps1'
[5.337s] INFO:colcon.colcon_core.shell:Creating package descriptor '/ROS2_Manipulator/ubot_ws/install/cpp_samples/share/cpp_samples/package.dsv'
[5.346s] INFO:colcon.colcon_core.shell:Creating package script '/ROS2_Manipulator/ubot_ws/install/cpp_samples/share/cpp_samples/package.sh'
[5.354s] INFO:colcon.colcon_core.shell:Creating package script '/ROS2_Manipulator/ubot_ws/install/cpp_samples/share/cpp_samples/package.bash'
[5.363s] INFO:colcon.colcon_core.shell:Creating package script '/ROS2_Manipulator/ubot_ws/install/cpp_samples/share/cpp_samples/package.zsh'
[5.371s] Level 1:colcon.colcon_core.environment:create_file_with_runtime_dependencies(/ROS2_Manipulator/ubot_ws/install/cpp_samples/share/colcon-core/packages/cpp_samples)
[5.377s] DEBUG:colcon.colcon_parallel_executor.executor.parallel:closing loop
[5.378s] DEBUG:colcon.colcon_parallel_executor.executor.parallel:loop closed
[5.378s] DEBUG:colcon.colcon_parallel_executor.executor.parallel:run_until_complete finished with '2'
[5.378s] DEBUG:colcon.colcon_core.event_reactor:joining thread
[5.397s] INFO:colcon.colcon_core.plugin_system:Skipping extension 'colcon_notification.desktop_notification.notify_send': Could not find 'notify-send'
[5.397s] INFO:colcon.colcon_core.plugin_system:Skipping extension 'colcon_notification.desktop_notification.terminal_notifier': Not used on non-Darwin systems
[5.397s] INFO:colcon.colcon_core.plugin_system:Skipping extension 'colcon_notification.desktop_notification.win32': Not used on non-Windows systems
[5.397s] INFO:colcon.colcon_notification.desktop_notification:Sending desktop notification using 'notify2'
[5.400s] DEBUG:colcon.colcon_notification.desktop_notification.notify2:Failed to initialize notify2: org.freedesktop.DBus.Error.Spawn.ExecFailed: /usr/bin/dbus-launch terminated abnormally without any error message
[5.400s] DEBUG:colcon.colcon_core.event_reactor:joined thread
[5.401s] INFO:colcon.colcon_core.shell:Creating prefix script '/ROS2_Manipulator/ubot_ws/install/local_setup.ps1'
[5.406s] INFO:colcon.colcon_core.shell:Creating prefix util module '/ROS2_Manipulator/ubot_ws/install/_local_setup_util_ps1.py'
[5.410s] INFO:colcon.colcon_core.shell:Creating prefix chain script '/ROS2_Manipulator/ubot_ws/install/setup.ps1'
[5.425s] INFO:colcon.colcon_core.shell:Creating prefix script '/ROS2_Manipulator/ubot_ws/install/local_setup.sh'
[5.429s] INFO:colcon.colcon_core.shell:Creating prefix util module '/ROS2_Manipulator/ubot_ws/install/_local_setup_util_sh.py'
[5.433s] INFO:colcon.colcon_core.shell:Creating prefix chain script '/ROS2_Manipulator/ubot_ws/install/setup.sh'
[5.449s] INFO:colcon.colcon_core.shell:Creating prefix script '/ROS2_Manipulator/ubot_ws/install/local_setup.bash'
[5.452s] INFO:colcon.colcon_core.shell:Creating prefix chain script '/ROS2_Manipulator/ubot_ws/install/setup.bash'
[5.466s] INFO:colcon.colcon_core.shell:Creating prefix script '/ROS2_Manipulator/ubot_ws/install/local_setup.zsh'
[5.470s] INFO:colcon.colcon_core.shell:Creating prefix chain script '/ROS2_Manipulator/ubot_ws/install/setup.zsh'
