[1.896s] Invoking command in '/ROS2_Manipulator/ubot_ws/src/py_samples': PYTHONPATH=/ROS2_Manipulator/ubot_ws/build/py_samples/prefix_override:/usr/lib/python3/dist-packages/colcon_core/task/python/colcon_distutils_commands:/ROS2_Manipulator/ubot_ws/install/py_samples/lib/python3.12/site-packages:${PYTHONPATH} /usr/bin/python3 -W ignore:setup.py install is deprecated setup.py egg_info --egg-base ../../build/py_samples build --build-base /ROS2_Manipulator/ubot_ws/build/py_samples/build install --record /ROS2_Manipulator/ubot_ws/build/py_samples/install.log --single-version-externally-managed install_data
[2.509s] running egg_info
[2.538s] writing ../../build/py_samples/py_samples.egg-info/PKG-INFO
[2.543s] writing dependency_links to ../../build/py_samples/py_samples.egg-info/dependency_links.txt
[2.546s] writing entry points to ../../build/py_samples/py_samples.egg-info/entry_points.txt
[2.549s] writing requirements to ../../build/py_samples/py_samples.egg-info/requires.txt
[2.551s] writing top-level names to ../../build/py_samples/py_samples.egg-info/top_level.txt
[2.631s] reading manifest file '../../build/py_samples/py_samples.egg-info/SOURCES.txt'
[2.684s] writing manifest file '../../build/py_samples/py_samples.egg-info/SOURCES.txt'
[2.686s] running build
[2.688s] running build_py
[2.711s] running install
[2.720s] running install_lib
[2.812s] running install_data
[2.834s] running install_egg_info
[2.870s] removing '/ROS2_Manipulator/ubot_ws/install/py_samples/lib/python3.12/site-packages/py_samples-0.0.0-py3.12.egg-info' (and everything under it)
[2.915s] Copying ../../build/py_samples/py_samples.egg-info to /ROS2_Manipulator/ubot_ws/install/py_samples/lib/python3.12/site-packages/py_samples-0.0.0-py3.12.egg-info
[3.090s] running install_scripts
[3.321s] Installing simple_pub script to /ROS2_Manipulator/ubot_ws/install/py_samples/lib/py_samples
[3.330s] writing list of installed files to '/ROS2_Manipulator/ubot_ws/build/py_samples/install.log'
[3.522s] Invoked command in '/ROS2_Manipulator/ubot_ws/src/py_samples' returned '0': PYTHONPATH=/ROS2_Manipulator/ubot_ws/build/py_samples/prefix_override:/usr/lib/python3/dist-packages/colcon_core/task/python/colcon_distutils_commands:/ROS2_Manipulator/ubot_ws/install/py_samples/lib/python3.12/site-packages:${PYTHONPATH} /usr/bin/python3 -W ignore:setup.py install is deprecated setup.py egg_info --egg-base ../../build/py_samples build --build-base /ROS2_Manipulator/ubot_ws/build/py_samples/build install --record /ROS2_Manipulator/ubot_ws/build/py_samples/install.log --single-version-externally-managed install_data
