[0.295s] DEBUG:colcon:Command line arguments: ['/usr/bin/colcon', 'build']
[0.295s] DEBUG:colcon:Parsed command line arguments: Namespace(log_base=None, log_level=None, verb_name='build', build_base='build', install_base='install', merge_install=False, symlink_install=False, test_result_base=None, continue_on_error=False, executor='parallel', parallel_workers=24, event_handlers=None, ignore_user_meta=False, metas=['./colcon.meta'], base_paths=['.'], packages_ignore=None, packages_ignore_regex=None, paths=None, packages_up_to=None, packages_up_to_regex=None, packages_above=None, packages_above_and_dependencies=None, packages_above_depth=None, packages_select_by_dep=None, packages_skip_by_dep=None, packages_skip_up_to=None, packages_select_build_failed=False, packages_skip_build_finished=False, packages_select_test_failures=False, packages_skip_test_passed=False, packages_select=None, packages_skip=None, packages_select_regex=None, packages_skip_regex=None, packages_start=None, packages_end=None, cmake_args=None, cmake_target=None, cmake_target_skip_unavailable=False, cmake_clean_cache=False, cmake_clean_first=False, cmake_force_configure=False, ament_cmake_args=None, catkin_cmake_args=None, catkin_skip_building_tests=False, mixin_files=None, mixin=None, verb_parser=<colcon_mixin.mixin.mixin_argument.MixinArgumentDecorator object at 0x7f7b19479850>, verb_extension=<colcon_core.verb.build.BuildVerb object at 0x7f7b19479520>, main=<bound method BuildVerb.main of <colcon_core.verb.build.BuildVerb object at 0x7f7b19479520>>, mixin_verb=('build',))
[0.371s] Level 1:colcon.colcon_core.package_discovery:discover_packages(colcon_meta) check parameters
[0.371s] Level 1:colcon.colcon_core.package_discovery:discover_packages(recursive) check parameters
[0.371s] Level 1:colcon.colcon_core.package_discovery:discover_packages(ignore) check parameters
[0.371s] Level 1:colcon.colcon_core.package_discovery:discover_packages(path) check parameters
[0.371s] Level 1:colcon.colcon_core.package_discovery:discover_packages(colcon_meta) discover
[0.372s] Level 1:colcon.colcon_core.package_discovery:discover_packages(recursive) discover
[0.372s] INFO:colcon.colcon_core.package_discovery:Crawling recursively for packages in '/ROS2_Manipulator/ubot_ws'
[0.373s] Level 1:colcon.colcon_core.package_identification:_identify(.) by extensions ['ignore', 'ignore_ament_install']
[0.373s] Level 1:colcon.colcon_core.package_identification:_identify(.) by extension 'ignore'
[0.373s] Level 1:colcon.colcon_core.package_identification:_identify(.) by extension 'ignore_ament_install'
[0.374s] Level 1:colcon.colcon_core.package_identification:_identify(.) by extensions ['colcon_pkg']
[0.374s] Level 1:colcon.colcon_core.package_identification:_identify(.) by extension 'colcon_pkg'
[0.374s] Level 1:colcon.colcon_core.package_identification:_identify(.) by extensions ['colcon_meta']
[0.374s] Level 1:colcon.colcon_core.package_identification:_identify(.) by extension 'colcon_meta'
[0.375s] Level 1:colcon.colcon_core.package_identification:_identify(.) by extensions ['ros']
[0.375s] Level 1:colcon.colcon_core.package_identification:_identify(.) by extension 'ros'
[0.412s] Level 1:colcon.colcon_core.package_identification:_identify(.) by extensions ['cmake', 'python']
[0.412s] Level 1:colcon.colcon_core.package_identification:_identify(.) by extension 'cmake'
[0.412s] Level 1:colcon.colcon_core.package_identification:_identify(.) by extension 'python'
[0.413s] Level 1:colcon.colcon_core.package_identification:_identify(.) by extensions ['python_setup_py']
[0.413s] Level 1:colcon.colcon_core.package_identification:_identify(.) by extension 'python_setup_py'
[0.415s] Level 1:colcon.colcon_core.package_identification:_identify(build) by extensions ['ignore', 'ignore_ament_install']
[0.415s] Level 1:colcon.colcon_core.package_identification:_identify(build) by extension 'ignore'
[0.416s] Level 1:colcon.colcon_core.package_identification:_identify(build) ignored
[0.417s] Level 1:colcon.colcon_core.package_identification:_identify(install) by extensions ['ignore', 'ignore_ament_install']
[0.418s] Level 1:colcon.colcon_core.package_identification:_identify(install) by extension 'ignore'
[0.418s] Level 1:colcon.colcon_core.package_identification:_identify(install) ignored
[0.421s] Level 1:colcon.colcon_core.package_identification:_identify(log) by extensions ['ignore', 'ignore_ament_install']
[0.421s] Level 1:colcon.colcon_core.package_identification:_identify(log) by extension 'ignore'
[0.422s] Level 1:colcon.colcon_core.package_identification:_identify(log) ignored
[0.424s] Level 1:colcon.colcon_core.package_identification:_identify(src) by extensions ['ignore', 'ignore_ament_install']
[0.424s] Level 1:colcon.colcon_core.package_identification:_identify(src) by extension 'ignore'
[0.424s] Level 1:colcon.colcon_core.package_identification:_identify(src) by extension 'ignore_ament_install'
[0.425s] Level 1:colcon.colcon_core.package_identification:_identify(src) by extensions ['colcon_pkg']
[0.425s] Level 1:colcon.colcon_core.package_identification:_identify(src) by extension 'colcon_pkg'
[0.426s] Level 1:colcon.colcon_core.package_identification:_identify(src) by extensions ['colcon_meta']
[0.426s] Level 1:colcon.colcon_core.package_identification:_identify(src) by extension 'colcon_meta'
[0.427s] Level 1:colcon.colcon_core.package_identification:_identify(src) by extensions ['ros']
[0.427s] Level 1:colcon.colcon_core.package_identification:_identify(src) by extension 'ros'
[0.429s] Level 1:colcon.colcon_core.package_identification:_identify(src) by extensions ['cmake', 'python']
[0.429s] Level 1:colcon.colcon_core.package_identification:_identify(src) by extension 'cmake'
[0.430s] Level 1:colcon.colcon_core.package_identification:_identify(src) by extension 'python'
[0.430s] Level 1:colcon.colcon_core.package_identification:_identify(src) by extensions ['python_setup_py']
[0.431s] Level 1:colcon.colcon_core.package_identification:_identify(src) by extension 'python_setup_py'
[0.434s] Level 1:colcon.colcon_core.package_identification:_identify(src/cpp_samples) by extensions ['ignore', 'ignore_ament_install']
[0.434s] Level 1:colcon.colcon_core.package_identification:_identify(src/cpp_samples) by extension 'ignore'
[0.435s] Level 1:colcon.colcon_core.package_identification:_identify(src/cpp_samples) by extension 'ignore_ament_install'
[0.436s] Level 1:colcon.colcon_core.package_identification:_identify(src/cpp_samples) by extensions ['colcon_pkg']
[0.437s] Level 1:colcon.colcon_core.package_identification:_identify(src/cpp_samples) by extension 'colcon_pkg'
[0.437s] Level 1:colcon.colcon_core.package_identification:_identify(src/cpp_samples) by extensions ['colcon_meta']
[0.438s] Level 1:colcon.colcon_core.package_identification:_identify(src/cpp_samples) by extension 'colcon_meta'
[0.439s] Level 1:colcon.colcon_core.package_identification:_identify(src/cpp_samples) by extensions ['ros']
[0.439s] Level 1:colcon.colcon_core.package_identification:_identify(src/cpp_samples) by extension 'ros'
[0.450s] DEBUG:colcon.colcon_core.package_identification:Package 'src/cpp_samples' with type 'ros.ament_cmake' and name 'cpp_samples'
[0.453s] Level 1:colcon.colcon_core.package_identification:_identify(src/py_samples) by extensions ['ignore', 'ignore_ament_install']
[0.453s] Level 1:colcon.colcon_core.package_identification:_identify(src/py_samples) by extension 'ignore'
[0.454s] Level 1:colcon.colcon_core.package_identification:_identify(src/py_samples) by extension 'ignore_ament_install'
[0.456s] Level 1:colcon.colcon_core.package_identification:_identify(src/py_samples) by extensions ['colcon_pkg']
[0.456s] Level 1:colcon.colcon_core.package_identification:_identify(src/py_samples) by extension 'colcon_pkg'
[0.457s] Level 1:colcon.colcon_core.package_identification:_identify(src/py_samples) by extensions ['colcon_meta']
[0.457s] Level 1:colcon.colcon_core.package_identification:_identify(src/py_samples) by extension 'colcon_meta'
[0.459s] Level 1:colcon.colcon_core.package_identification:_identify(src/py_samples) by extensions ['ros']
[0.459s] Level 1:colcon.colcon_core.package_identification:_identify(src/py_samples) by extension 'ros'
[0.468s] DEBUG:colcon.colcon_core.package_identification:Package 'src/py_samples' with type 'ros.ament_python' and name 'py_samples'
[0.468s] Level 1:colcon.colcon_core.package_discovery:discover_packages(recursive) using defaults
[0.469s] Level 1:colcon.colcon_core.package_discovery:discover_packages(ignore) discover
[0.469s] Level 1:colcon.colcon_core.package_discovery:discover_packages(ignore) using defaults
[0.469s] Level 1:colcon.colcon_core.package_discovery:discover_packages(path) discover
[0.469s] Level 1:colcon.colcon_core.package_discovery:discover_packages(path) using defaults
[0.516s] Level 5:colcon.colcon_core.verb:set package 'cpp_samples' build argument 'cmake_args' from command line to 'None'
[0.516s] Level 5:colcon.colcon_core.verb:set package 'cpp_samples' build argument 'cmake_target' from command line to 'None'
[0.516s] Level 5:colcon.colcon_core.verb:set package 'cpp_samples' build argument 'cmake_target_skip_unavailable' from command line to 'False'
[0.517s] Level 5:colcon.colcon_core.verb:set package 'cpp_samples' build argument 'cmake_clean_cache' from command line to 'False'
[0.517s] Level 5:colcon.colcon_core.verb:set package 'cpp_samples' build argument 'cmake_clean_first' from command line to 'False'
[0.517s] Level 5:colcon.colcon_core.verb:set package 'cpp_samples' build argument 'cmake_force_configure' from command line to 'False'
[0.517s] Level 5:colcon.colcon_core.verb:set package 'cpp_samples' build argument 'ament_cmake_args' from command line to 'None'
[0.517s] Level 5:colcon.colcon_core.verb:set package 'cpp_samples' build argument 'catkin_cmake_args' from command line to 'None'
[0.517s] Level 5:colcon.colcon_core.verb:set package 'cpp_samples' build argument 'catkin_skip_building_tests' from command line to 'False'
[0.517s] DEBUG:colcon.colcon_core.verb:Building package 'cpp_samples' with the following arguments: {'ament_cmake_args': None, 'build_base': '/ROS2_Manipulator/ubot_ws/build/cpp_samples', 'catkin_cmake_args': None, 'catkin_skip_building_tests': False, 'cmake_args': None, 'cmake_clean_cache': False, 'cmake_clean_first': False, 'cmake_force_configure': False, 'cmake_target': None, 'cmake_target_skip_unavailable': False, 'install_base': '/ROS2_Manipulator/ubot_ws/install/cpp_samples', 'merge_install': False, 'path': '/ROS2_Manipulator/ubot_ws/src/cpp_samples', 'symlink_install': False, 'test_result_base': None}
[0.518s] Level 5:colcon.colcon_core.verb:set package 'py_samples' build argument 'cmake_args' from command line to 'None'
[0.518s] Level 5:colcon.colcon_core.verb:set package 'py_samples' build argument 'cmake_target' from command line to 'None'
[0.518s] Level 5:colcon.colcon_core.verb:set package 'py_samples' build argument 'cmake_target_skip_unavailable' from command line to 'False'
[0.518s] Level 5:colcon.colcon_core.verb:set package 'py_samples' build argument 'cmake_clean_cache' from command line to 'False'
[0.518s] Level 5:colcon.colcon_core.verb:set package 'py_samples' build argument 'cmake_clean_first' from command line to 'False'
[0.519s] Level 5:colcon.colcon_core.verb:set package 'py_samples' build argument 'cmake_force_configure' from command line to 'False'
[0.519s] Level 5:colcon.colcon_core.verb:set package 'py_samples' build argument 'ament_cmake_args' from command line to 'None'
[0.519s] Level 5:colcon.colcon_core.verb:set package 'py_samples' build argument 'catkin_cmake_args' from command line to 'None'
[0.519s] Level 5:colcon.colcon_core.verb:set package 'py_samples' build argument 'catkin_skip_building_tests' from command line to 'False'
[0.519s] DEBUG:colcon.colcon_core.verb:Building package 'py_samples' with the following arguments: {'ament_cmake_args': None, 'build_base': '/ROS2_Manipulator/ubot_ws/build/py_samples', 'catkin_cmake_args': None, 'catkin_skip_building_tests': False, 'cmake_args': None, 'cmake_clean_cache': False, 'cmake_clean_first': False, 'cmake_force_configure': False, 'cmake_target': None, 'cmake_target_skip_unavailable': False, 'install_base': '/ROS2_Manipulator/ubot_ws/install/py_samples', 'merge_install': False, 'path': '/ROS2_Manipulator/ubot_ws/src/py_samples', 'symlink_install': False, 'test_result_base': None}
[0.519s] INFO:colcon.colcon_core.executor:Executing jobs using 'parallel' executor
[0.520s] DEBUG:colcon.colcon_parallel_executor.executor.parallel:run_until_complete
[0.521s] INFO:colcon.colcon_ros.task.ament_cmake.build:Building ROS package in '/ROS2_Manipulator/ubot_ws/src/cpp_samples' with build type 'ament_cmake'
[0.521s] INFO:colcon.colcon_cmake.task.cmake.build:Building CMake package in '/ROS2_Manipulator/ubot_ws/src/cpp_samples'
[0.528s] INFO:colcon.colcon_core.plugin_system:Skipping extension 'colcon_core.shell.bat': Not used on non-Windows systems
[0.529s] INFO:colcon.colcon_core.shell:Skip shell extension 'powershell' for command environment: Not usable outside of PowerShell
[0.529s] DEBUG:colcon.colcon_core.shell:Skip shell extension 'dsv' for command environment
[0.576s] INFO:colcon.colcon_ros.task.ament_python.build:Building ROS package in '/ROS2_Manipulator/ubot_ws/src/py_samples' with build type 'ament_python'
[0.576s] Level 1:colcon.colcon_core.shell:create_environment_hook('py_samples', 'ament_prefix_path')
[0.577s] INFO:colcon.colcon_core.shell:Creating environment hook '/ROS2_Manipulator/ubot_ws/install/py_samples/share/py_samples/hook/ament_prefix_path.ps1'
[0.588s] INFO:colcon.colcon_core.shell:Creating environment descriptor '/ROS2_Manipulator/ubot_ws/install/py_samples/share/py_samples/hook/ament_prefix_path.dsv'
[0.599s] INFO:colcon.colcon_core.shell:Creating environment hook '/ROS2_Manipulator/ubot_ws/install/py_samples/share/py_samples/hook/ament_prefix_path.sh'
[0.609s] INFO:colcon.colcon_core.shell:Skip shell extension 'powershell' for command environment: Not usable outside of PowerShell
[0.609s] DEBUG:colcon.colcon_core.shell:Skip shell extension 'dsv' for command environment
[0.681s] DEBUG:colcon.colcon_core.event_handler.log_command:Invoking command in '/ROS2_Manipulator/ubot_ws/build/cpp_samples': CMAKE_PREFIX_PATH=${CMAKE_PREFIX_PATH}:/ROS2_Manipulator/ubot_ws/install/py_samples:/opt/ros/jazzy VIRTUAL_ENV_PROMPT=(env_ros) /usr/bin/cmake --build /ROS2_Manipulator/ubot_ws/build/cpp_samples -- -j24 -l24
[1.090s] INFO:colcon.colcon_core.task.python.build:Building Python package in '/ROS2_Manipulator/ubot_ws/src/py_samples'
[1.090s] INFO:colcon.colcon_core.shell:Skip shell extension 'powershell' for command environment: Not usable outside of PowerShell
[1.090s] DEBUG:colcon.colcon_core.shell:Skip shell extension 'dsv' for command environment
[1.133s] DEBUG:colcon.colcon_core.event_handler.log_command:Invoked command in '/ROS2_Manipulator/ubot_ws/build/cpp_samples' returned '0': CMAKE_PREFIX_PATH=${CMAKE_PREFIX_PATH}:/ROS2_Manipulator/ubot_ws/install/py_samples:/opt/ros/jazzy VIRTUAL_ENV_PROMPT=(env_ros) /usr/bin/cmake --build /ROS2_Manipulator/ubot_ws/build/cpp_samples -- -j24 -l24
[1.183s] DEBUG:colcon.colcon_core.event_handler.log_command:Invoking command in '/ROS2_Manipulator/ubot_ws/build/cpp_samples': CMAKE_PREFIX_PATH=${CMAKE_PREFIX_PATH}:/ROS2_Manipulator/ubot_ws/install/py_samples:/opt/ros/jazzy VIRTUAL_ENV_PROMPT=(env_ros) /usr/bin/cmake --install /ROS2_Manipulator/ubot_ws/build/cpp_samples
[1.467s] Level 1:colcon.colcon_core.environment:create_environment_scripts_only(cpp_samples)
[1.468s] DEBUG:colcon.colcon_core.event_handler.log_command:Invoked command in '/ROS2_Manipulator/ubot_ws/build/cpp_samples' returned '0': CMAKE_PREFIX_PATH=${CMAKE_PREFIX_PATH}:/ROS2_Manipulator/ubot_ws/install/py_samples:/opt/ros/jazzy VIRTUAL_ENV_PROMPT=(env_ros) /usr/bin/cmake --install /ROS2_Manipulator/ubot_ws/build/cpp_samples
[1.476s] Level 1:colcon.colcon_core.environment:checking '/ROS2_Manipulator/ubot_ws/install/cpp_samples' for CMake module files
[1.531s] Level 1:colcon.colcon_core.environment:checking '/ROS2_Manipulator/ubot_ws/install/cpp_samples' for CMake config files
[1.577s] Level 1:colcon.colcon_core.shell:create_environment_hook('cpp_samples', 'cmake_prefix_path')
[1.577s] INFO:colcon.colcon_core.shell:Creating environment hook '/ROS2_Manipulator/ubot_ws/install/cpp_samples/share/cpp_samples/hook/cmake_prefix_path.ps1'
[1.587s] INFO:colcon.colcon_core.shell:Creating environment descriptor '/ROS2_Manipulator/ubot_ws/install/cpp_samples/share/cpp_samples/hook/cmake_prefix_path.dsv'
[1.597s] INFO:colcon.colcon_core.shell:Creating environment hook '/ROS2_Manipulator/ubot_ws/install/cpp_samples/share/cpp_samples/hook/cmake_prefix_path.sh'
[1.610s] Level 1:colcon.colcon_core.environment:checking '/ROS2_Manipulator/ubot_ws/install/cpp_samples/bin'
[1.611s] Level 1:colcon.colcon_core.environment:checking '/ROS2_Manipulator/ubot_ws/install/cpp_samples/lib/pkgconfig/cpp_samples.pc'
[1.611s] Level 1:colcon.colcon_core.environment:checking '/ROS2_Manipulator/ubot_ws/install/cpp_samples/lib/python3.12/site-packages'
[1.612s] Level 1:colcon.colcon_core.environment:checking '/ROS2_Manipulator/ubot_ws/install/cpp_samples/bin'
[1.613s] INFO:colcon.colcon_core.shell:Creating package script '/ROS2_Manipulator/ubot_ws/install/cpp_samples/share/cpp_samples/package.ps1'
[1.621s] INFO:colcon.colcon_core.shell:Creating package descriptor '/ROS2_Manipulator/ubot_ws/install/cpp_samples/share/cpp_samples/package.dsv'
[1.631s] INFO:colcon.colcon_core.shell:Creating package script '/ROS2_Manipulator/ubot_ws/install/cpp_samples/share/cpp_samples/package.sh'
[1.642s] INFO:colcon.colcon_core.shell:Creating package script '/ROS2_Manipulator/ubot_ws/install/cpp_samples/share/cpp_samples/package.bash'
[1.651s] INFO:colcon.colcon_core.shell:Creating package script '/ROS2_Manipulator/ubot_ws/install/cpp_samples/share/cpp_samples/package.zsh'
[1.659s] Level 1:colcon.colcon_core.environment:create_file_with_runtime_dependencies(/ROS2_Manipulator/ubot_ws/install/cpp_samples/share/colcon-core/packages/cpp_samples)
[1.703s] Level 1:colcon.colcon_core.environment:create_environment_scripts_only(cpp_samples)
[1.703s] Level 1:colcon.colcon_core.environment:checking '/ROS2_Manipulator/ubot_ws/install/cpp_samples' for CMake module files
[1.760s] Level 1:colcon.colcon_core.environment:checking '/ROS2_Manipulator/ubot_ws/install/cpp_samples' for CMake config files
[1.806s] Level 1:colcon.colcon_core.shell:create_environment_hook('cpp_samples', 'cmake_prefix_path')
[1.807s] INFO:colcon.colcon_core.shell:Creating environment hook '/ROS2_Manipulator/ubot_ws/install/cpp_samples/share/cpp_samples/hook/cmake_prefix_path.ps1'
[1.817s] INFO:colcon.colcon_core.shell:Creating environment descriptor '/ROS2_Manipulator/ubot_ws/install/cpp_samples/share/cpp_samples/hook/cmake_prefix_path.dsv'
[1.827s] INFO:colcon.colcon_core.shell:Creating environment hook '/ROS2_Manipulator/ubot_ws/install/cpp_samples/share/cpp_samples/hook/cmake_prefix_path.sh'
[1.841s] Level 1:colcon.colcon_core.environment:checking '/ROS2_Manipulator/ubot_ws/install/cpp_samples/bin'
[1.842s] Level 1:colcon.colcon_core.environment:checking '/ROS2_Manipulator/ubot_ws/install/cpp_samples/lib/pkgconfig/cpp_samples.pc'
[1.844s] Level 1:colcon.colcon_core.environment:checking '/ROS2_Manipulator/ubot_ws/install/cpp_samples/lib/python3.12/site-packages'
[1.845s] Level 1:colcon.colcon_core.environment:checking '/ROS2_Manipulator/ubot_ws/install/cpp_samples/bin'
[1.846s] INFO:colcon.colcon_core.shell:Creating package script '/ROS2_Manipulator/ubot_ws/install/cpp_samples/share/cpp_samples/package.ps1'
[1.855s] INFO:colcon.colcon_core.shell:Creating package descriptor '/ROS2_Manipulator/ubot_ws/install/cpp_samples/share/cpp_samples/package.dsv'
[1.864s] INFO:colcon.colcon_core.shell:Creating package script '/ROS2_Manipulator/ubot_ws/install/cpp_samples/share/cpp_samples/package.sh'
[1.874s] INFO:colcon.colcon_core.shell:Creating package script '/ROS2_Manipulator/ubot_ws/install/cpp_samples/share/cpp_samples/package.bash'
[1.882s] INFO:colcon.colcon_core.shell:Creating package script '/ROS2_Manipulator/ubot_ws/install/cpp_samples/share/cpp_samples/package.zsh'
[1.891s] Level 1:colcon.colcon_core.environment:create_file_with_runtime_dependencies(/ROS2_Manipulator/ubot_ws/install/cpp_samples/share/colcon-core/packages/cpp_samples)
[2.496s] DEBUG:colcon.colcon_core.event_handler.log_command:Invoking command in '/ROS2_Manipulator/ubot_ws/src/py_samples': PYTHONPATH=/ROS2_Manipulator/ubot_ws/build/py_samples/prefix_override:/usr/lib/python3/dist-packages/colcon_core/task/python/colcon_distutils_commands:/ROS2_Manipulator/ubot_ws/install/py_samples/lib/python3.12/site-packages:${PYTHONPATH} VIRTUAL_ENV_PROMPT=(env_ros) /usr/bin/python3 -W ignore:setup.py install is deprecated setup.py egg_info --egg-base ../../build/py_samples build --build-base /ROS2_Manipulator/ubot_ws/build/py_samples/build install --record /ROS2_Manipulator/ubot_ws/build/py_samples/install.log --single-version-externally-managed install_data
[3.977s] Level 1:colcon.colcon_core.environment:checking '/ROS2_Manipulator/ubot_ws/install/py_samples' for CMake module files
[3.978s] DEBUG:colcon.colcon_core.event_handler.log_command:Invoked command in '/ROS2_Manipulator/ubot_ws/src/py_samples' returned '0': PYTHONPATH=/ROS2_Manipulator/ubot_ws/build/py_samples/prefix_override:/usr/lib/python3/dist-packages/colcon_core/task/python/colcon_distutils_commands:/ROS2_Manipulator/ubot_ws/install/py_samples/lib/python3.12/site-packages:${PYTHONPATH} VIRTUAL_ENV_PROMPT=(env_ros) /usr/bin/python3 -W ignore:setup.py install is deprecated setup.py egg_info --egg-base ../../build/py_samples build --build-base /ROS2_Manipulator/ubot_ws/build/py_samples/build install --record /ROS2_Manipulator/ubot_ws/build/py_samples/install.log --single-version-externally-managed install_data
[4.013s] Level 1:colcon.colcon_core.environment:checking '/ROS2_Manipulator/ubot_ws/install/py_samples' for CMake config files
[4.075s] Level 1:colcon.colcon_core.environment:checking '/ROS2_Manipulator/ubot_ws/install/py_samples/lib'
[4.078s] Level 1:colcon.colcon_core.environment:checking '/ROS2_Manipulator/ubot_ws/install/py_samples/bin'
[4.079s] Level 1:colcon.colcon_core.environment:checking '/ROS2_Manipulator/ubot_ws/install/py_samples/lib/pkgconfig/py_samples.pc'
[4.081s] Level 1:colcon.colcon_core.environment:checking '/ROS2_Manipulator/ubot_ws/install/py_samples/lib/python3.12/site-packages'
[4.083s] Level 1:colcon.colcon_core.shell:create_environment_hook('py_samples', 'pythonpath')
[4.083s] INFO:colcon.colcon_core.shell:Creating environment hook '/ROS2_Manipulator/ubot_ws/install/py_samples/share/py_samples/hook/pythonpath.ps1'
[4.092s] INFO:colcon.colcon_core.shell:Creating environment descriptor '/ROS2_Manipulator/ubot_ws/install/py_samples/share/py_samples/hook/pythonpath.dsv'
[4.101s] INFO:colcon.colcon_core.shell:Creating environment hook '/ROS2_Manipulator/ubot_ws/install/py_samples/share/py_samples/hook/pythonpath.sh'
[4.111s] Level 1:colcon.colcon_core.environment:checking '/ROS2_Manipulator/ubot_ws/install/py_samples/bin'
[4.112s] Level 1:colcon.colcon_core.environment:create_environment_scripts_only(py_samples)
[4.112s] INFO:colcon.colcon_core.shell:Creating package script '/ROS2_Manipulator/ubot_ws/install/py_samples/share/py_samples/package.ps1'
[4.120s] INFO:colcon.colcon_core.shell:Creating package descriptor '/ROS2_Manipulator/ubot_ws/install/py_samples/share/py_samples/package.dsv'
[4.128s] INFO:colcon.colcon_core.shell:Creating package script '/ROS2_Manipulator/ubot_ws/install/py_samples/share/py_samples/package.sh'
[4.137s] INFO:colcon.colcon_core.shell:Creating package script '/ROS2_Manipulator/ubot_ws/install/py_samples/share/py_samples/package.bash'
[4.145s] INFO:colcon.colcon_core.shell:Creating package script '/ROS2_Manipulator/ubot_ws/install/py_samples/share/py_samples/package.zsh'
[4.154s] Level 1:colcon.colcon_core.environment:create_file_with_runtime_dependencies(/ROS2_Manipulator/ubot_ws/install/py_samples/share/colcon-core/packages/py_samples)
[4.160s] DEBUG:colcon.colcon_parallel_executor.executor.parallel:closing loop
[4.160s] DEBUG:colcon.colcon_parallel_executor.executor.parallel:loop closed
[4.161s] DEBUG:colcon.colcon_parallel_executor.executor.parallel:run_until_complete finished with '0'
[4.161s] DEBUG:colcon.colcon_core.event_reactor:joining thread
[4.187s] INFO:colcon.colcon_core.plugin_system:Skipping extension 'colcon_notification.desktop_notification.notify_send': Could not find 'notify-send'
[4.187s] INFO:colcon.colcon_core.plugin_system:Skipping extension 'colcon_notification.desktop_notification.terminal_notifier': Not used on non-Darwin systems
[4.187s] INFO:colcon.colcon_core.plugin_system:Skipping extension 'colcon_notification.desktop_notification.win32': Not used on non-Windows systems
[4.187s] INFO:colcon.colcon_notification.desktop_notification:Sending desktop notification using 'notify2'
[4.190s] DEBUG:colcon.colcon_notification.desktop_notification.notify2:Failed to initialize notify2: org.freedesktop.DBus.Error.Spawn.ExecFailed: /usr/bin/dbus-launch terminated abnormally without any error message
[4.190s] DEBUG:colcon.colcon_core.event_reactor:joined thread
[4.190s] INFO:colcon.colcon_core.shell:Creating prefix script '/ROS2_Manipulator/ubot_ws/install/local_setup.ps1'
[4.195s] INFO:colcon.colcon_core.shell:Creating prefix util module '/ROS2_Manipulator/ubot_ws/install/_local_setup_util_ps1.py'
[4.199s] INFO:colcon.colcon_core.shell:Creating prefix chain script '/ROS2_Manipulator/ubot_ws/install/setup.ps1'
[4.214s] INFO:colcon.colcon_core.shell:Creating prefix script '/ROS2_Manipulator/ubot_ws/install/local_setup.sh'
[4.218s] INFO:colcon.colcon_core.shell:Creating prefix util module '/ROS2_Manipulator/ubot_ws/install/_local_setup_util_sh.py'
[4.221s] INFO:colcon.colcon_core.shell:Creating prefix chain script '/ROS2_Manipulator/ubot_ws/install/setup.sh'
[4.237s] INFO:colcon.colcon_core.shell:Creating prefix script '/ROS2_Manipulator/ubot_ws/install/local_setup.bash'
[4.241s] INFO:colcon.colcon_core.shell:Creating prefix chain script '/ROS2_Manipulator/ubot_ws/install/setup.bash'
[4.255s] INFO:colcon.colcon_core.shell:Creating prefix script '/ROS2_Manipulator/ubot_ws/install/local_setup.zsh'
[4.258s] INFO:colcon.colcon_core.shell:Creating prefix chain script '/ROS2_Manipulator/ubot_ws/install/setup.zsh'
